Added Component: Designator=DS1A(LED RED 0603)
Added Component: Designator=DS1B(LED RED 0603)
Added Component: Designator=DS1C(LED RED 0603)
Added Component: Designator=DS2A(LED RED 0603)
Added Component: Designator=DS2B(LED RED 0603)
Added Component: Designator=DS2C(LED RED 0603)
Added Component: Designator=DS3(LED GREEN 0603)
Added Component: Designator=J1(JST PH 2x RIGHT COMB)
Added Component: Designator=J2(MX120G)
Added Component: Designator=J3(MX120G)
Added Component: Designator=J5(Jumper_2Way_Pin)
Added Component: Designator=K1A(FP-G5V-2-DC12-MFG)
Add component (AddParameter): Name = "Approvals"; Value = "UL"; VariantName = "[No Variations]"
Add component (AddParameter): Name = "Case/Package"; Value = "DIP"; VariantName = "[No Variations]"
Add component (AddParameter): Name = "Coil Current"; Value = "41.7mA"; VariantName = "[No Variations]"
Add component (AddParameter): Name = "Coil Power"; Value = "500mW"; VariantName = "[No Variations]"
Add component (AddParameter): Name = "Coil Resistance"; Value = "288R"; VariantName = "[No Variations]"
Add component (AddParameter): Name = "Coil Type"; Value = "Non-Latching"; VariantName = "[No Variations]"
Add component (AddParameter): Name = "Coil Voltage (DC)"; Value = "12V"; VariantName = "[No Variations]"
Add component (AddParameter): Name = "Contact Current Rating"; Value = "2A"; VariantName = "[No Variations]"
Add component (AddParameter): Name = "Contact Material"; Value = "Gold"; VariantName = "[No Variations]"
Add component (AddParameter): Name = "Current Rating"; Value = "2A"; VariantName = "[No Variations]"
Add component (AddParameter): Name = "Depth"; Value = "10.1mm"; VariantName = "[No Variations]"
Add component (AddParameter): Name = "Height"; Value = "11.5mm"; VariantName = "[No Variations]"
Add component (AddParameter): Name = "Lead Free"; Value = "Lead Free"; VariantName = "[No Variations]"
Add component (AddParameter): Name = "Length"; Value = "20.5mm"; VariantName = "[No Variations]"
Add component (AddParameter): Name = "Manufacturer Series"; Value = "G5V-2"; VariantName = "[No Variations]"
Add component (AddParameter): Name = "Max Current Rating"; Value = "2A"; VariantName = "[No Variations]"
Add component (AddParameter): Name = "Max Operating Temperature"; Value = "65°C"; VariantName = "[No Variations]"
Add component (AddParameter): Name = "Max Voltage Rating (AC)"; Value = "125V"; VariantName = "[No Variations]"
Add component (AddParameter): Name = "Max Voltage Rating (DC)"; Value = "125V"; VariantName = "[No Variations]"
Add component (AddParameter): Name = "Min Operating Temperature"; Value = "-25°C"; VariantName = "[No Variations]"
Add component (AddParameter): Name = "Mount"; Value = "Through Hole"; VariantName = "[No Variations]"
Add component (AddParameter): Name = "Number of Pins"; Value = "8"; VariantName = "[No Variations]"
Add component (AddParameter): Name = "Operate Time"; Value = "7ms"; VariantName = "[No Variations]"
Add component (AddParameter): Name = "Package Quantity"; Value = "25"; VariantName = "[No Variations]"
Add component (AddParameter): Name = "Packaging"; Value = "Rail/Tube"; VariantName = "[No Variations]"
Add component (AddParameter): Name = "Power Consumption"; Value = "500mW"; VariantName = "[No Variations]"
Add component (AddParameter): Name = "Power Rating"; Value = "500mW"; VariantName = "[No Variations]"
Add component (AddParameter): Name = "Radiation Hardening"; Value = "No"; VariantName = "[No Variations]"
Add component (AddParameter): Name = "Reference Standard"; Value = "UL"; VariantName = "[No Variations]"
Add component (AddParameter): Name = "Relay Action"; Value = "MOMENTARY"; VariantName = "[No Variations]"
Add component (AddParameter): Name = "Relay Function"; Value = "DPDT"; VariantName = "[No Variations]"
Add component (AddParameter): Name = "Relay Type"; Value = "General Purpose"; VariantName = "[No Variations]"
Add component (AddParameter): Name = "Release Time"; Value = "3ms"; VariantName = "[No Variations]"
Add component (AddParameter): Name = "Series"; Value = "G5V-2"; VariantName = "[No Variations]"
Add component (AddParameter): Name = "Termination"; Value = "PC Pin"; VariantName = "[No Variations]"
Add component (AddParameter): Name = "Throw Configuration"; Value = "DPDT"; VariantName = "[No Variations]"
Add component (AddParameter): Name = "Type"; Value = "Electromechanical"; VariantName = "[No Variations]"
Add component (AddParameter): Name = "Voltage Rating (AC)"; Value = "125V"; VariantName = "[No Variations]"
Add component (AddParameter): Name = "Voltage Rating (DC)"; Value = "125V"; VariantName = "[No Variations]"
Add component (AddParameter): Name = "Weight"; Value = "5g"; VariantName = "[No Variations]"
Add component (AddParameter): Name = "Width"; Value = "10.1mm"; VariantName = "[No Variations]"
Added Component: Designator=K1B(FP-G5V-2-DC12-MFG)
Add component (AddParameter): Name = "Approvals"; Value = "UL"; VariantName = "[No Variations]"
Add component (AddParameter): Name = "Case/Package"; Value = "DIP"; VariantName = "[No Variations]"
Add component (AddParameter): Name = "Coil Current"; Value = "41.7mA"; VariantName = "[No Variations]"
Add component (AddParameter): Name = "Coil Power"; Value = "500mW"; VariantName = "[No Variations]"
Add component (AddParameter): Name = "Coil Resistance"; Value = "288R"; VariantName = "[No Variations]"
Add component (AddParameter): Name = "Coil Type"; Value = "Non-Latching"; VariantName = "[No Variations]"
Add component (AddParameter): Name = "Coil Voltage (DC)"; Value = "12V"; VariantName = "[No Variations]"
Add component (AddParameter): Name = "Contact Current Rating"; Value = "2A"; VariantName = "[No Variations]"
Add component (AddParameter): Name = "Contact Material"; Value = "Gold"; VariantName = "[No Variations]"
Add component (AddParameter): Name = "Current Rating"; Value = "2A"; VariantName = "[No Variations]"
Add component (AddParameter): Name = "Depth"; Value = "10.1mm"; VariantName = "[No Variations]"
Add component (AddParameter): Name = "Height"; Value = "11.5mm"; VariantName = "[No Variations]"
Add component (AddParameter): Name = "Lead Free"; Value = "Lead Free"; VariantName = "[No Variations]"
Add component (AddParameter): Name = "Length"; Value = "20.5mm"; VariantName = "[No Variations]"
Add component (AddParameter): Name = "Manufacturer Series"; Value = "G5V-2"; VariantName = "[No Variations]"
Add component (AddParameter): Name = "Max Current Rating"; Value = "2A"; VariantName = "[No Variations]"
Add component (AddParameter): Name = "Max Operating Temperature"; Value = "65°C"; VariantName = "[No Variations]"
Add component (AddParameter): Name = "Max Voltage Rating (AC)"; Value = "125V"; VariantName = "[No Variations]"
Add component (AddParameter): Name = "Max Voltage Rating (DC)"; Value = "125V"; VariantName = "[No Variations]"
Add component (AddParameter): Name = "Min Operating Temperature"; Value = "-25°C"; VariantName = "[No Variations]"
Add component (AddParameter): Name = "Mount"; Value = "Through Hole"; VariantName = "[No Variations]"
Add component (AddParameter): Name = "Number of Pins"; Value = "8"; VariantName = "[No Variations]"
Add component (AddParameter): Name = "Operate Time"; Value = "7ms"; VariantName = "[No Variations]"
Add component (AddParameter): Name = "Package Quantity"; Value = "25"; VariantName = "[No Variations]"
Add component (AddParameter): Name = "Packaging"; Value = "Rail/Tube"; VariantName = "[No Variations]"
Add component (AddParameter): Name = "Power Consumption"; Value = "500mW"; VariantName = "[No Variations]"
Add component (AddParameter): Name = "Power Rating"; Value = "500mW"; VariantName = "[No Variations]"
Add component (AddParameter): Name = "Radiation Hardening"; Value = "No"; VariantName = "[No Variations]"
Add component (AddParameter): Name = "Reference Standard"; Value = "UL"; VariantName = "[No Variations]"
Add component (AddParameter): Name = "Relay Action"; Value = "MOMENTARY"; VariantName = "[No Variations]"
Add component (AddParameter): Name = "Relay Function"; Value = "DPDT"; VariantName = "[No Variations]"
Add component (AddParameter): Name = "Relay Type"; Value = "General Purpose"; VariantName = "[No Variations]"
Add component (AddParameter): Name = "Release Time"; Value = "3ms"; VariantName = "[No Variations]"
Add component (AddParameter): Name = "Series"; Value = "G5V-2"; VariantName = "[No Variations]"
Add component (AddParameter): Name = "Termination"; Value = "PC Pin"; VariantName = "[No Variations]"
Add component (AddParameter): Name = "Throw Configuration"; Value = "DPDT"; VariantName = "[No Variations]"
Add component (AddParameter): Name = "Type"; Value = "Electromechanical"; VariantName = "[No Variations]"
Add component (AddParameter): Name = "Voltage Rating (AC)"; Value = "125V"; VariantName = "[No Variations]"
Add component (AddParameter): Name = "Voltage Rating (DC)"; Value = "125V"; VariantName = "[No Variations]"
Add component (AddParameter): Name = "Weight"; Value = "5g"; VariantName = "[No Variations]"
Add component (AddParameter): Name = "Width"; Value = "10.1mm"; VariantName = "[No Variations]"
Added Component: Designator=K1C(FP-G5V-2-DC12-MFG)
Add component (AddParameter): Name = "Approvals"; Value = "UL"; VariantName = "[No Variations]"
Add component (AddParameter): Name = "Case/Package"; Value = "DIP"; VariantName = "[No Variations]"
Add component (AddParameter): Name = "Coil Current"; Value = "41.7mA"; VariantName = "[No Variations]"
Add component (AddParameter): Name = "Coil Power"; Value = "500mW"; VariantName = "[No Variations]"
Add component (AddParameter): Name = "Coil Resistance"; Value = "288R"; VariantName = "[No Variations]"
Add component (AddParameter): Name = "Coil Type"; Value = "Non-Latching"; VariantName = "[No Variations]"
Add component (AddParameter): Name = "Coil Voltage (DC)"; Value = "12V"; VariantName = "[No Variations]"
Add component (AddParameter): Name = "Contact Current Rating"; Value = "2A"; VariantName = "[No Variations]"
Add component (AddParameter): Name = "Contact Material"; Value = "Gold"; VariantName = "[No Variations]"
Add component (AddParameter): Name = "Current Rating"; Value = "2A"; VariantName = "[No Variations]"
Add component (AddParameter): Name = "Depth"; Value = "10.1mm"; VariantName = "[No Variations]"
Add component (AddParameter): Name = "Height"; Value = "11.5mm"; VariantName = "[No Variations]"
Add component (AddParameter): Name = "Lead Free"; Value = "Lead Free"; VariantName = "[No Variations]"
Add component (AddParameter): Name = "Length"; Value = "20.5mm"; VariantName = "[No Variations]"
Add component (AddParameter): Name = "Manufacturer Series"; Value = "G5V-2"; VariantName = "[No Variations]"
Add component (AddParameter): Name = "Max Current Rating"; Value = "2A"; VariantName = "[No Variations]"
Add component (AddParameter): Name = "Max Operating Temperature"; Value = "65°C"; VariantName = "[No Variations]"
Add component (AddParameter): Name = "Max Voltage Rating (AC)"; Value = "125V"; VariantName = "[No Variations]"
Add component (AddParameter): Name = "Max Voltage Rating (DC)"; Value = "125V"; VariantName = "[No Variations]"
Add component (AddParameter): Name = "Min Operating Temperature"; Value = "-25°C"; VariantName = "[No Variations]"
Add component (AddParameter): Name = "Mount"; Value = "Through Hole"; VariantName = "[No Variations]"
Add component (AddParameter): Name = "Number of Pins"; Value = "8"; VariantName = "[No Variations]"
Add component (AddParameter): Name = "Operate Time"; Value = "7ms"; VariantName = "[No Variations]"
Add component (AddParameter): Name = "Package Quantity"; Value = "25"; VariantName = "[No Variations]"
Add component (AddParameter): Name = "Packaging"; Value = "Rail/Tube"; VariantName = "[No Variations]"
Add component (AddParameter): Name = "Power Consumption"; Value = "500mW"; VariantName = "[No Variations]"
Add component (AddParameter): Name = "Power Rating"; Value = "500mW"; VariantName = "[No Variations]"
Add component (AddParameter): Name = "Radiation Hardening"; Value = "No"; VariantName = "[No Variations]"
Add component (AddParameter): Name = "Reference Standard"; Value = "UL"; VariantName = "[No Variations]"
Add component (AddParameter): Name = "Relay Action"; Value = "MOMENTARY"; VariantName = "[No Variations]"
Add component (AddParameter): Name = "Relay Function"; Value = "DPDT"; VariantName = "[No Variations]"
Add component (AddParameter): Name = "Relay Type"; Value = "General Purpose"; VariantName = "[No Variations]"
Add component (AddParameter): Name = "Release Time"; Value = "3ms"; VariantName = "[No Variations]"
Add component (AddParameter): Name = "Series"; Value = "G5V-2"; VariantName = "[No Variations]"
Add component (AddParameter): Name = "Termination"; Value = "PC Pin"; VariantName = "[No Variations]"
Add component (AddParameter): Name = "Throw Configuration"; Value = "DPDT"; VariantName = "[No Variations]"
Add component (AddParameter): Name = "Type"; Value = "Electromechanical"; VariantName = "[No Variations]"
Add component (AddParameter): Name = "Voltage Rating (AC)"; Value = "125V"; VariantName = "[No Variations]"
Add component (AddParameter): Name = "Voltage Rating (DC)"; Value = "125V"; VariantName = "[No Variations]"
Add component (AddParameter): Name = "Weight"; Value = "5g"; VariantName = "[No Variations]"
Add component (AddParameter): Name = "Width"; Value = "10.1mm"; VariantName = "[No Variations]"
Added Component: Designator=R1A(Res_ThinFilm_0603)
Added Component: Designator=R1B(Res_ThinFilm_0603)
Added Component: Designator=R1C(Res_ThinFilm_0603)
Added Component: Designator=R2A(Res_ThinFilm_0603)
Added Component: Designator=R2B(Res_ThinFilm_0603)
Added Component: Designator=R2C(Res_ThinFilm_0603)
Added Component: Designator=R3(Res_ThinFilm_0603)
Added Pin To Net: NetName=12V Pin=J1-1
Added Pin To Net: NetName=12V Pin=J1-1
Added Pin To Net: NetName=12V Pin=J2-8
Added Pin To Net: NetName=12V Pin=J2-10
Added Pin To Net: NetName=12V Pin=J2-12
Added Pin To Net: NetName=12V Pin=R3-2
Added Net: Name=12V
Added Pin To Net: NetName=DET_IN_1 Pin=J3-2
Added Pin To Net: NetName=DET_IN_1 Pin=K1B-13
Added Net: Name=DET_IN_1
Added Pin To Net: NetName=DET_IN_2 Pin=J3-4
Added Pin To Net: NetName=DET_IN_2 Pin=K1C-13
Added Net: Name=DET_IN_2
Added Pin To Net: NetName=DET_IN_3 Pin=J3-6
Added Pin To Net: NetName=DET_IN_3 Pin=K1A-13
Added Net: Name=DET_IN_3
Added Pin To Net: NetName=DET_OUT_1 Pin=J3-1
Added Pin To Net: NetName=DET_OUT_1 Pin=K1B-9
Added Net: Name=DET_OUT_1
Added Pin To Net: NetName=DET_OUT_2 Pin=J3-3
Added Pin To Net: NetName=DET_OUT_2 Pin=K1C-9
Added Net: Name=DET_OUT_2
Added Pin To Net: NetName=DET_OUT_3 Pin=J3-5
Added Pin To Net: NetName=DET_OUT_3 Pin=K1A-9
Added Net: Name=DET_OUT_3
Added Pin To Net: NetName=GND Pin=DS3-2
Added Pin To Net: NetName=GND Pin=J1-2
Added Pin To Net: NetName=GND Pin=J1-2
Added Pin To Net: NetName=GND Pin=J5-2
Added Pin To Net: NetName=GND Pin=K1A-1
Added Pin To Net: NetName=GND Pin=K1B-1
Added Pin To Net: NetName=GND Pin=K1C-1
Added Net: Name=GND
Added Pin To Net: NetName=LED GND Pin=DS1A-2
Added Pin To Net: NetName=LED GND Pin=DS1B-2
Added Pin To Net: NetName=LED GND Pin=DS1C-2
Added Pin To Net: NetName=LED GND Pin=DS2A-2
Added Pin To Net: NetName=LED GND Pin=DS2B-2
Added Pin To Net: NetName=LED GND Pin=DS2C-2
Added Pin To Net: NetName=LED GND Pin=J5-1
Added Net: Name=LED GND
Added Pin To Net: NetName=NetDS1A_1 Pin=DS1A-1
Added Pin To Net: NetName=NetDS1A_1 Pin=R1A-1
Added Net: Name=NetDS1A_1
Added Pin To Net: NetName=NetDS1B_1 Pin=DS1B-1
Added Pin To Net: NetName=NetDS1B_1 Pin=R1B-1
Added Net: Name=NetDS1B_1
Added Pin To Net: NetName=NetDS1C_1 Pin=DS1C-1
Added Pin To Net: NetName=NetDS1C_1 Pin=R1C-1
Added Net: Name=NetDS1C_1
Added Pin To Net: NetName=NetDS2A_1 Pin=DS2A-1
Added Pin To Net: NetName=NetDS2A_1 Pin=R2A-1
Added Net: Name=NetDS2A_1
Added Pin To Net: NetName=NetDS2B_1 Pin=DS2B-1
Added Pin To Net: NetName=NetDS2B_1 Pin=R2B-1
Added Net: Name=NetDS2B_1
Added Pin To Net: NetName=NetDS2C_1 Pin=DS2C-1
Added Pin To Net: NetName=NetDS2C_1 Pin=R2C-1
Added Net: Name=NetDS2C_1
Added Pin To Net: NetName=NetDS3_1 Pin=DS3-1
Added Pin To Net: NetName=NetDS3_1 Pin=R3-1
Added Net: Name=NetDS3_1
Added Pin To Net: NetName=NetJ2_7 Pin=J2-7
Added Pin To Net: NetName=NetJ2_7 Pin=K1A-16
Added Pin To Net: NetName=NetJ2_7 Pin=R1A-2
Added Net: Name=NetJ2_7
Added Pin To Net: NetName=NetJ2_9 Pin=J2-9
Added Pin To Net: NetName=NetJ2_9 Pin=K1C-16
Added Pin To Net: NetName=NetJ2_9 Pin=R1C-2
Added Net: Name=NetJ2_9
Added Pin To Net: NetName=NetJ2_11 Pin=J2-11
Added Pin To Net: NetName=NetJ2_11 Pin=K1B-16
Added Pin To Net: NetName=NetJ2_11 Pin=R1B-2
Added Net: Name=NetJ2_11
Added Pin To Net: NetName=SHDN_IN_1 Pin=J3-8
Added Pin To Net: NetName=SHDN_IN_1 Pin=K1B-8
Added Pin To Net: NetName=SHDN_IN_1 Pin=R2B-2
Added Net: Name=SHDN_IN_1
Added Pin To Net: NetName=SHDN_IN_2 Pin=J3-10
Added Pin To Net: NetName=SHDN_IN_2 Pin=K1C-8
Added Pin To Net: NetName=SHDN_IN_2 Pin=R2C-2
Added Net: Name=SHDN_IN_2
Added Pin To Net: NetName=SHDN_IN_3 Pin=J3-12
Added Pin To Net: NetName=SHDN_IN_3 Pin=K1A-8
Added Pin To Net: NetName=SHDN_IN_3 Pin=R2A-2
Added Net: Name=SHDN_IN_3
Added Pin To Net: NetName=SHDN_OUT_1 Pin=J3-7
Added Pin To Net: NetName=SHDN_OUT_1 Pin=K1B-4
Added Net: Name=SHDN_OUT_1
Added Pin To Net: NetName=SHDN_OUT_2 Pin=J3-9
Added Pin To Net: NetName=SHDN_OUT_2 Pin=K1C-4
Added Net: Name=SHDN_OUT_2
Added Pin To Net: NetName=SHDN_OUT_3 Pin=J3-11
Added Pin To Net: NetName=SHDN_OUT_3 Pin=K1A-4
Added Net: Name=SHDN_OUT_3
Added Class: Name=DPDT_Relay_2
Added Class: Name=DPDT_Relay_11
Added Class: Name=DPDT_Relay_12
Added Class: Name=RelayGroup
Added Class: Name=ShutdownDPDT-S01-V00
Added Class: Name=ShutdownDPDT-S02-V00-Relay
Added Room: Name=DPDT_Relay_2
Added Room: Name=DPDT_Relay_11
Added Room: Name=DPDT_Relay_12
Added Room: Name=RelayGroup
Added Room: Name=ShutdownDPDT-S01-V00
