Removed Member From Class: ClassName=DPDT_Relay_13 Member=K1_DPDT_Relay_16
Removed Member From Class: ClassName=DPDT_Relay_14 Member=K1_DPDT_Relay_18
Added Pin To Net: NetName=12V_A1 Pin=J4_A-1
Added Pin To Net: NetName=12V_A1 Pin=J4_A-3
Added Pin To Net: NetName=12V_A1 Pin=J4_A-5
Added Net: Name=12V_A1
Added Pin To Net: NetName=12V_A2 Pin=J4_B-1
Added Pin To Net: NetName=12V_A2 Pin=J4_B-3
Added Pin To Net: NetName=12V_A2 Pin=J4_B-5
Added Net: Name=12V_A2
Added Pin To Net: NetName=12V_B1 Pin=J4_A-7
Added Pin To Net: NetName=12V_B1 Pin=J4_A-9
Added Pin To Net: NetName=12V_B1 Pin=J4_A-11
Added Net: Name=12V_B1
Added Pin To Net: NetName=12V_B2 Pin=J4_B-7
Added Pin To Net: NetName=12V_B2 Pin=J4_B-9
Added Pin To Net: NetName=12V_B2 Pin=J4_B-11
Added Net: Name=12V_B2
Change Class Name : Old Net Name=DPDT_Relay_11 New Net Name=DPDT_Relay_12
Added Class: Name=DPDT_Relay_11
Added Member To Class: ClassName=DPDT_Relay_13 Member=Component K1_DPDT_Relay_13 (K1) G5V-2-DC12
Added Member To Class: ClassName=DPDT_Relay_14 Member=Component K1_DPDT_Relay_14 (K1) G5V-2-DC12
