Removed Pin From Net: NetName=LED GND Pin=DS1A-2
Removed Pin From Net: NetName=LED GND Pin=DS1B-2
Removed Pin From Net: NetName=LED GND Pin=DS1C-2
Removed Pin From Net: NetName=LED GND Pin=DS2A-2
Removed Pin From Net: NetName=LED GND Pin=DS2B-2
Removed Pin From Net: NetName=LED GND Pin=DS2C-2
Removed Pin From Net: NetName=12V Pin=J4A-7
Removed Pin From Net: NetName=12V Pin=J4A-9
Removed Pin From Net: NetName=12V Pin=J4A-11
Removed Pin From Net: NetName=12V Pin=J4B-7
Removed Pin From Net: NetName=12V Pin=J4B-9
Removed Pin From Net: NetName=12V Pin=J4B-11
Removed Pin From Net: NetName=12V Pin=J7A-7
Removed Pin From Net: NetName=12V Pin=J7A-9
Removed Pin From Net: NetName=12V Pin=J7A-11
Removed Pin From Net: NetName=12V Pin=J7B-7
Removed Pin From Net: NetName=12V Pin=J7B-9
Removed Pin From Net: NetName=12V Pin=J7B-11
Removed Pin From Net: NetName=GND Pin=K1A-1
Removed Pin From Net: NetName=GND Pin=K1B-1
Removed Pin From Net: NetName=GND Pin=K1C-1
Removed Pin From Net: NetName=SEG3_IN Pin=K1M-16
Removed Pin From Net: NetName=SEG1_IN Pin=K1N-16
Removed Pin From Net: NetName=SEG2_IN Pin=K1O-16
Removed Pin From Net: NetName=SEG3_IN Pin=R1M-2
Removed Pin From Net: NetName=SEG1_IN Pin=R1N-2
Removed Pin From Net: NetName=SEG2_IN Pin=R1O-2
Change Component Designator: OldDesignator=DS1M NewDesignator=DS1A
Change Component Designator: OldDesignator=DS1N NewDesignator=DS1B
Change Component Designator: OldDesignator=DS1O NewDesignator=DS1C
Change Component Designator: OldDesignator=DS2M NewDesignator=DS2A
Change Component Designator: OldDesignator=DS2N NewDesignator=DS2B
Change Component Designator: OldDesignator=DS2O NewDesignator=DS2C
Change Component Designator: OldDesignator=J3E NewDesignator=J3A
Change Component Designator: OldDesignator=K1M NewDesignator=K1A
Change Component Designator: OldDesignator=K1N NewDesignator=K1B
Change Component Designator: OldDesignator=K1O NewDesignator=K1C
Change Component Designator: OldDesignator=R1M NewDesignator=R1A
Change Component Designator: OldDesignator=R1N NewDesignator=R1B
Change Component Designator: OldDesignator=R1O NewDesignator=R1C
Change Component Designator: OldDesignator=R2M NewDesignator=R2A
Change Component Designator: OldDesignator=R2N NewDesignator=R2B
Change Component Designator: OldDesignator=R2O NewDesignator=R2C
Added Component: Designator=DS1M(LED RED 0603)
Added Component: Designator=DS1N(LED RED 0603)
Added Component: Designator=DS1O(LED RED 0603)
Added Component: Designator=DS2M(LED RED 0603)
Added Component: Designator=DS2N(LED RED 0603)
Added Component: Designator=DS2O(LED RED 0603)
Added Component: Designator=J3E(MX120G)
Added Component: Designator=J8(MX120G)
Added Component: Designator=J9(MX120G)
Added Component: Designator=J10(MX120G)
Added Component: Designator=J11(MX120G)
Added Component: Designator=J?A(MX120G)
Added Component: Designator=J?B(MX120G)
Added Component: Designator=J?C(MX120G)
Added Component: Designator=J?D(MX120G)
Added Component: Designator=J?E(MX120G)
Added Component: Designator=K1M(FP-G5V-2-DC12-MFG)
Add component (AddParameter): Name = "Approvals"; Value = "UL"; VariantName = "[No Variations]"
Add component (AddParameter): Name = "Case/Package"; Value = "DIP"; VariantName = "[No Variations]"
Add component (AddParameter): Name = "Coil Current"; Value = "41.7mA"; VariantName = "[No Variations]"
Add component (AddParameter): Name = "Coil Power"; Value = "500mW"; VariantName = "[No Variations]"
Add component (AddParameter): Name = "Coil Resistance"; Value = "288R"; VariantName = "[No Variations]"
Add component (AddParameter): Name = "Coil Type"; Value = "Non-Latching"; VariantName = "[No Variations]"
Add component (AddParameter): Name = "Coil Voltage (DC)"; Value = "12V"; VariantName = "[No Variations]"
Add component (AddParameter): Name = "Contact Current Rating"; Value = "2A"; VariantName = "[No Variations]"
Add component (AddParameter): Name = "Contact Material"; Value = "Gold"; VariantName = "[No Variations]"
Add component (AddParameter): Name = "Current Rating"; Value = "2A"; VariantName = "[No Variations]"
Add component (AddParameter): Name = "Depth"; Value = "10.1mm"; VariantName = "[No Variations]"
Add component (AddParameter): Name = "Height"; Value = "11.5mm"; VariantName = "[No Variations]"
Add component (AddParameter): Name = "Lead Free"; Value = "Lead Free"; VariantName = "[No Variations]"
Add component (AddParameter): Name = "Length"; Value = "20.5mm"; VariantName = "[No Variations]"
Add component (AddParameter): Name = "Manufacturer Series"; Value = "G5V-2"; VariantName = "[No Variations]"
Add component (AddParameter): Name = "Max Current Rating"; Value = "2A"; VariantName = "[No Variations]"
Add component (AddParameter): Name = "Max Operating Temperature"; Value = "65°C"; VariantName = "[No Variations]"
Add component (AddParameter): Name = "Max Voltage Rating (AC)"; Value = "125V"; VariantName = "[No Variations]"
Add component (AddParameter): Name = "Max Voltage Rating (DC)"; Value = "125V"; VariantName = "[No Variations]"
Add component (AddParameter): Name = "Min Operating Temperature"; Value = "-25°C"; VariantName = "[No Variations]"
Add component (AddParameter): Name = "Mount"; Value = "Through Hole"; VariantName = "[No Variations]"
Add component (AddParameter): Name = "Number of Pins"; Value = "8"; VariantName = "[No Variations]"
Add component (AddParameter): Name = "Operate Time"; Value = "7ms"; VariantName = "[No Variations]"
Add component (AddParameter): Name = "Package Quantity"; Value = "25"; VariantName = "[No Variations]"
Add component (AddParameter): Name = "Packaging"; Value = "Rail/Tube"; VariantName = "[No Variations]"
Add component (AddParameter): Name = "Power Consumption"; Value = "500mW"; VariantName = "[No Variations]"
Add component (AddParameter): Name = "Power Rating"; Value = "500mW"; VariantName = "[No Variations]"
Add component (AddParameter): Name = "Radiation Hardening"; Value = "No"; VariantName = "[No Variations]"
Add component (AddParameter): Name = "Reference Standard"; Value = "UL"; VariantName = "[No Variations]"
Add component (AddParameter): Name = "Relay Action"; Value = "MOMENTARY"; VariantName = "[No Variations]"
Add component (AddParameter): Name = "Relay Function"; Value = "DPDT"; VariantName = "[No Variations]"
Add component (AddParameter): Name = "Relay Type"; Value = "General Purpose"; VariantName = "[No Variations]"
Add component (AddParameter): Name = "Release Time"; Value = "3ms"; VariantName = "[No Variations]"
Add component (AddParameter): Name = "Series"; Value = "G5V-2"; VariantName = "[No Variations]"
Add component (AddParameter): Name = "Termination"; Value = "PC Pin"; VariantName = "[No Variations]"
Add component (AddParameter): Name = "Throw Configuration"; Value = "DPDT"; VariantName = "[No Variations]"
Add component (AddParameter): Name = "Type"; Value = "Electromechanical"; VariantName = "[No Variations]"
Add component (AddParameter): Name = "Voltage Rating (AC)"; Value = "125V"; VariantName = "[No Variations]"
Add component (AddParameter): Name = "Voltage Rating (DC)"; Value = "125V"; VariantName = "[No Variations]"
Add component (AddParameter): Name = "Weight"; Value = "5g"; VariantName = "[No Variations]"
Add component (AddParameter): Name = "Width"; Value = "10.1mm"; VariantName = "[No Variations]"
Added Component: Designator=K1N(FP-G5V-2-DC12-MFG)
Add component (AddParameter): Name = "Approvals"; Value = "UL"; VariantName = "[No Variations]"
Add component (AddParameter): Name = "Case/Package"; Value = "DIP"; VariantName = "[No Variations]"
Add component (AddParameter): Name = "Coil Current"; Value = "41.7mA"; VariantName = "[No Variations]"
Add component (AddParameter): Name = "Coil Power"; Value = "500mW"; VariantName = "[No Variations]"
Add component (AddParameter): Name = "Coil Resistance"; Value = "288R"; VariantName = "[No Variations]"
Add component (AddParameter): Name = "Coil Type"; Value = "Non-Latching"; VariantName = "[No Variations]"
Add component (AddParameter): Name = "Coil Voltage (DC)"; Value = "12V"; VariantName = "[No Variations]"
Add component (AddParameter): Name = "Contact Current Rating"; Value = "2A"; VariantName = "[No Variations]"
Add component (AddParameter): Name = "Contact Material"; Value = "Gold"; VariantName = "[No Variations]"
Add component (AddParameter): Name = "Current Rating"; Value = "2A"; VariantName = "[No Variations]"
Add component (AddParameter): Name = "Depth"; Value = "10.1mm"; VariantName = "[No Variations]"
Add component (AddParameter): Name = "Height"; Value = "11.5mm"; VariantName = "[No Variations]"
Add component (AddParameter): Name = "Lead Free"; Value = "Lead Free"; VariantName = "[No Variations]"
Add component (AddParameter): Name = "Length"; Value = "20.5mm"; VariantName = "[No Variations]"
Add component (AddParameter): Name = "Manufacturer Series"; Value = "G5V-2"; VariantName = "[No Variations]"
Add component (AddParameter): Name = "Max Current Rating"; Value = "2A"; VariantName = "[No Variations]"
Add component (AddParameter): Name = "Max Operating Temperature"; Value = "65°C"; VariantName = "[No Variations]"
Add component (AddParameter): Name = "Max Voltage Rating (AC)"; Value = "125V"; VariantName = "[No Variations]"
Add component (AddParameter): Name = "Max Voltage Rating (DC)"; Value = "125V"; VariantName = "[No Variations]"
Add component (AddParameter): Name = "Min Operating Temperature"; Value = "-25°C"; VariantName = "[No Variations]"
Add component (AddParameter): Name = "Mount"; Value = "Through Hole"; VariantName = "[No Variations]"
Add component (AddParameter): Name = "Number of Pins"; Value = "8"; VariantName = "[No Variations]"
Add component (AddParameter): Name = "Operate Time"; Value = "7ms"; VariantName = "[No Variations]"
Add component (AddParameter): Name = "Package Quantity"; Value = "25"; VariantName = "[No Variations]"
Add component (AddParameter): Name = "Packaging"; Value = "Rail/Tube"; VariantName = "[No Variations]"
Add component (AddParameter): Name = "Power Consumption"; Value = "500mW"; VariantName = "[No Variations]"
Add component (AddParameter): Name = "Power Rating"; Value = "500mW"; VariantName = "[No Variations]"
Add component (AddParameter): Name = "Radiation Hardening"; Value = "No"; VariantName = "[No Variations]"
Add component (AddParameter): Name = "Reference Standard"; Value = "UL"; VariantName = "[No Variations]"
Add component (AddParameter): Name = "Relay Action"; Value = "MOMENTARY"; VariantName = "[No Variations]"
Add component (AddParameter): Name = "Relay Function"; Value = "DPDT"; VariantName = "[No Variations]"
Add component (AddParameter): Name = "Relay Type"; Value = "General Purpose"; VariantName = "[No Variations]"
Add component (AddParameter): Name = "Release Time"; Value = "3ms"; VariantName = "[No Variations]"
Add component (AddParameter): Name = "Series"; Value = "G5V-2"; VariantName = "[No Variations]"
Add component (AddParameter): Name = "Termination"; Value = "PC Pin"; VariantName = "[No Variations]"
Add component (AddParameter): Name = "Throw Configuration"; Value = "DPDT"; VariantName = "[No Variations]"
Add component (AddParameter): Name = "Type"; Value = "Electromechanical"; VariantName = "[No Variations]"
Add component (AddParameter): Name = "Voltage Rating (AC)"; Value = "125V"; VariantName = "[No Variations]"
Add component (AddParameter): Name = "Voltage Rating (DC)"; Value = "125V"; VariantName = "[No Variations]"
Add component (AddParameter): Name = "Weight"; Value = "5g"; VariantName = "[No Variations]"
Add component (AddParameter): Name = "Width"; Value = "10.1mm"; VariantName = "[No Variations]"
Added Component: Designator=K1O(FP-G5V-2-DC12-MFG)
Add component (AddParameter): Name = "Approvals"; Value = "UL"; VariantName = "[No Variations]"
Add component (AddParameter): Name = "Case/Package"; Value = "DIP"; VariantName = "[No Variations]"
Add component (AddParameter): Name = "Coil Current"; Value = "41.7mA"; VariantName = "[No Variations]"
Add component (AddParameter): Name = "Coil Power"; Value = "500mW"; VariantName = "[No Variations]"
Add component (AddParameter): Name = "Coil Resistance"; Value = "288R"; VariantName = "[No Variations]"
Add component (AddParameter): Name = "Coil Type"; Value = "Non-Latching"; VariantName = "[No Variations]"
Add component (AddParameter): Name = "Coil Voltage (DC)"; Value = "12V"; VariantName = "[No Variations]"
Add component (AddParameter): Name = "Contact Current Rating"; Value = "2A"; VariantName = "[No Variations]"
Add component (AddParameter): Name = "Contact Material"; Value = "Gold"; VariantName = "[No Variations]"
Add component (AddParameter): Name = "Current Rating"; Value = "2A"; VariantName = "[No Variations]"
Add component (AddParameter): Name = "Depth"; Value = "10.1mm"; VariantName = "[No Variations]"
Add component (AddParameter): Name = "Height"; Value = "11.5mm"; VariantName = "[No Variations]"
Add component (AddParameter): Name = "Lead Free"; Value = "Lead Free"; VariantName = "[No Variations]"
Add component (AddParameter): Name = "Length"; Value = "20.5mm"; VariantName = "[No Variations]"
Add component (AddParameter): Name = "Manufacturer Series"; Value = "G5V-2"; VariantName = "[No Variations]"
Add component (AddParameter): Name = "Max Current Rating"; Value = "2A"; VariantName = "[No Variations]"
Add component (AddParameter): Name = "Max Operating Temperature"; Value = "65°C"; VariantName = "[No Variations]"
Add component (AddParameter): Name = "Max Voltage Rating (AC)"; Value = "125V"; VariantName = "[No Variations]"
Add component (AddParameter): Name = "Max Voltage Rating (DC)"; Value = "125V"; VariantName = "[No Variations]"
Add component (AddParameter): Name = "Min Operating Temperature"; Value = "-25°C"; VariantName = "[No Variations]"
Add component (AddParameter): Name = "Mount"; Value = "Through Hole"; VariantName = "[No Variations]"
Add component (AddParameter): Name = "Number of Pins"; Value = "8"; VariantName = "[No Variations]"
Add component (AddParameter): Name = "Operate Time"; Value = "7ms"; VariantName = "[No Variations]"
Add component (AddParameter): Name = "Package Quantity"; Value = "25"; VariantName = "[No Variations]"
Add component (AddParameter): Name = "Packaging"; Value = "Rail/Tube"; VariantName = "[No Variations]"
Add component (AddParameter): Name = "Power Consumption"; Value = "500mW"; VariantName = "[No Variations]"
Add component (AddParameter): Name = "Power Rating"; Value = "500mW"; VariantName = "[No Variations]"
Add component (AddParameter): Name = "Radiation Hardening"; Value = "No"; VariantName = "[No Variations]"
Add component (AddParameter): Name = "Reference Standard"; Value = "UL"; VariantName = "[No Variations]"
Add component (AddParameter): Name = "Relay Action"; Value = "MOMENTARY"; VariantName = "[No Variations]"
Add component (AddParameter): Name = "Relay Function"; Value = "DPDT"; VariantName = "[No Variations]"
Add component (AddParameter): Name = "Relay Type"; Value = "General Purpose"; VariantName = "[No Variations]"
Add component (AddParameter): Name = "Release Time"; Value = "3ms"; VariantName = "[No Variations]"
Add component (AddParameter): Name = "Series"; Value = "G5V-2"; VariantName = "[No Variations]"
Add component (AddParameter): Name = "Termination"; Value = "PC Pin"; VariantName = "[No Variations]"
Add component (AddParameter): Name = "Throw Configuration"; Value = "DPDT"; VariantName = "[No Variations]"
Add component (AddParameter): Name = "Type"; Value = "Electromechanical"; VariantName = "[No Variations]"
Add component (AddParameter): Name = "Voltage Rating (AC)"; Value = "125V"; VariantName = "[No Variations]"
Add component (AddParameter): Name = "Voltage Rating (DC)"; Value = "125V"; VariantName = "[No Variations]"
Add component (AddParameter): Name = "Weight"; Value = "5g"; VariantName = "[No Variations]"
Add component (AddParameter): Name = "Width"; Value = "10.1mm"; VariantName = "[No Variations]"
Added Component: Designator=R1M(Res_ThinFilm_0603)
Added Component: Designator=R1N(Res_ThinFilm_0603)
Added Component: Designator=R1O(Res_ThinFilm_0603)
Added Component: Designator=R2M(Res_ThinFilm_0603)
Added Component: Designator=R2N(Res_ThinFilm_0603)
Added Component: Designator=R2O(Res_ThinFilm_0603)
Added Pin To Net: NetName=LED GND Pin=DS1M-2
Added Pin To Net: NetName=LED GND Pin=DS1N-2
Added Pin To Net: NetName=LED GND Pin=DS1O-2
Added Pin To Net: NetName=LED GND Pin=DS2M-2
Added Pin To Net: NetName=LED GND Pin=DS2N-2
Added Pin To Net: NetName=LED GND Pin=DS2O-2
Added Pin To Net: NetName=SEG3_IN Pin=J8-7
Added Pin To Net: NetName=12V Pin=J8-8
Added Pin To Net: NetName=SEG2_IN Pin=J8-9
Added Pin To Net: NetName=12V Pin=J8-10
Added Pin To Net: NetName=SEG1_IN Pin=J8-11
Added Pin To Net: NetName=12V Pin=J8-12
Added Pin To Net: NetName=SEG3_IN Pin=J9-7
Added Pin To Net: NetName=12V Pin=J9-8
Added Pin To Net: NetName=SEG2_IN Pin=J9-9
Added Pin To Net: NetName=12V Pin=J9-10
Added Pin To Net: NetName=SEG1_IN Pin=J9-11
Added Pin To Net: NetName=12V Pin=J9-12
Added Pin To Net: NetName=SEG3_IN Pin=J10-7
Added Pin To Net: NetName=12V Pin=J10-8
Added Pin To Net: NetName=SEG2_IN Pin=J10-9
Added Pin To Net: NetName=12V Pin=J10-10
Added Pin To Net: NetName=SEG1_IN Pin=J10-11
Added Pin To Net: NetName=12V Pin=J10-12
Added Pin To Net: NetName=SEG3_IN Pin=J11-7
Added Pin To Net: NetName=12V Pin=J11-8
Added Pin To Net: NetName=SEG2_IN Pin=J11-9
Added Pin To Net: NetName=12V Pin=J11-10
Added Pin To Net: NetName=SEG1_IN Pin=J11-11
Added Pin To Net: NetName=12V Pin=J11-12
Added Pin To Net: NetName=12V Pin=J?A-8
Added Pin To Net: NetName=12V Pin=J?A-10
Added Pin To Net: NetName=12V Pin=J?A-12
Added Pin To Net: NetName=12V Pin=J?B-8
Added Pin To Net: NetName=12V Pin=J?B-10
Added Pin To Net: NetName=12V Pin=J?B-12
Added Pin To Net: NetName=12V Pin=J?C-8
Added Pin To Net: NetName=12V Pin=J?C-10
Added Pin To Net: NetName=12V Pin=J?C-12
Added Pin To Net: NetName=12V Pin=J?D-8
Added Pin To Net: NetName=12V Pin=J?D-10
Added Pin To Net: NetName=12V Pin=J?D-12
Added Pin To Net: NetName=12V Pin=J?E-8
Added Pin To Net: NetName=12V Pin=J?E-10
Added Pin To Net: NetName=12V Pin=J?E-12
Added Pin To Net: NetName=GND Pin=K1M-1
Added Pin To Net: NetName=GND Pin=K1N-1
Added Pin To Net: NetName=GND Pin=K1O-1
Change Net Name : Old Net Name=DET_IN_1E New Net Name=DET_IN_1A
Change Net Name : Old Net Name=DET_IN_2E New Net Name=DET_IN_2A
Change Net Name : Old Net Name=DET_IN_3E New Net Name=DET_IN_3A
Change Net Name : Old Net Name=DET_OUT_1E New Net Name=DET_OUT_1A
Change Net Name : Old Net Name=DET_OUT_2E New Net Name=DET_OUT_2A
Change Net Name : Old Net Name=DET_OUT_3E New Net Name=DET_OUT_3A
Change Net Name : Old Net Name=NetDS1M_1 New Net Name=NetDS1A_1
Change Net Name : Old Net Name=NetDS1N_1 New Net Name=NetDS1B_1
Change Net Name : Old Net Name=NetDS1O_1 New Net Name=NetDS1C_1
Change Net Name : Old Net Name=NetDS2M_1 New Net Name=NetDS2A_1
Change Net Name : Old Net Name=NetDS2N_1 New Net Name=NetDS2B_1
Change Net Name : Old Net Name=NetDS2O_1 New Net Name=NetDS2C_1
Change Net Name : Old Net Name=SHDN_IN_1E New Net Name=SHDN_IN_1A
Change Net Name : Old Net Name=SHDN_IN_2E New Net Name=SHDN_IN_2A
Change Net Name : Old Net Name=SHDN_IN_3E New Net Name=SHDN_IN_3A
Change Net Name : Old Net Name=SHDN_OUT_1E New Net Name=SHDN_OUT_1A
Change Net Name : Old Net Name=SHDN_OUT_2E New Net Name=SHDN_OUT_2A
Change Net Name : Old Net Name=SHDN_OUT_3E New Net Name=SHDN_OUT_3A
Added Pin To Net: NetName=DET_IN_1E Pin=J3E-2
Added Pin To Net: NetName=DET_IN_1E Pin=K1N-13
Added Net: Name=DET_IN_1E
Added Pin To Net: NetName=DET_IN_2E Pin=J3E-4
Added Pin To Net: NetName=DET_IN_2E Pin=K1O-13
Added Net: Name=DET_IN_2E
Added Pin To Net: NetName=DET_IN_3E Pin=J3E-6
Added Pin To Net: NetName=DET_IN_3E Pin=K1M-13
Added Net: Name=DET_IN_3E
Added Pin To Net: NetName=DET_OUT_1E Pin=J3E-1
Added Pin To Net: NetName=DET_OUT_1E Pin=K1N-9
Added Net: Name=DET_OUT_1E
Added Pin To Net: NetName=DET_OUT_2E Pin=J3E-3
Added Pin To Net: NetName=DET_OUT_2E Pin=K1O-9
Added Net: Name=DET_OUT_2E
Added Pin To Net: NetName=DET_OUT_3E Pin=J3E-5
Added Pin To Net: NetName=DET_OUT_3E Pin=K1M-9
Added Net: Name=DET_OUT_3E
Added Pin To Net: NetName=NetDS1M_1 Pin=DS1M-1
Added Pin To Net: NetName=NetDS1M_1 Pin=R1M-1
Added Net: Name=NetDS1M_1
Added Pin To Net: NetName=NetDS1N_1 Pin=DS1N-1
Added Pin To Net: NetName=NetDS1N_1 Pin=R1N-1
Added Net: Name=NetDS1N_1
Added Pin To Net: NetName=NetDS1O_1 Pin=DS1O-1
Added Pin To Net: NetName=NetDS1O_1 Pin=R1O-1
Added Net: Name=NetDS1O_1
Added Pin To Net: NetName=NetDS2M_1 Pin=DS2M-1
Added Pin To Net: NetName=NetDS2M_1 Pin=R2M-1
Added Net: Name=NetDS2M_1
Added Pin To Net: NetName=NetDS2N_1 Pin=DS2N-1
Added Pin To Net: NetName=NetDS2N_1 Pin=R2N-1
Added Net: Name=NetDS2N_1
Added Pin To Net: NetName=NetDS2O_1 Pin=DS2O-1
Added Pin To Net: NetName=NetDS2O_1 Pin=R2O-1
Added Net: Name=NetDS2O_1
Added Pin To Net: NetName=NetJ?A_7 Pin=J?A-7
Added Pin To Net: NetName=NetJ?A_7 Pin=K1A-16
Added Pin To Net: NetName=NetJ?A_7 Pin=R1A-2
Added Net: Name=NetJ?A_7
Added Pin To Net: NetName=NetJ?A_9 Pin=J?A-9
Added Pin To Net: NetName=NetJ?A_9 Pin=K1C-16
Added Pin To Net: NetName=NetJ?A_9 Pin=R1C-2
Added Net: Name=NetJ?A_9
Added Pin To Net: NetName=NetJ?A_11 Pin=J?A-11
Added Pin To Net: NetName=NetJ?A_11 Pin=K1B-16
Added Pin To Net: NetName=NetJ?A_11 Pin=R1B-2
Added Net: Name=NetJ?A_11
Added Pin To Net: NetName=NetJ?B_7 Pin=J?B-7
Added Pin To Net: NetName=NetJ?B_7 Pin=K1D-16
Added Pin To Net: NetName=NetJ?B_7 Pin=R1D-2
Added Net: Name=NetJ?B_7
Added Pin To Net: NetName=NetJ?B_9 Pin=J?B-9
Added Pin To Net: NetName=NetJ?B_9 Pin=K1F-16
Added Pin To Net: NetName=NetJ?B_9 Pin=R1F-2
Added Net: Name=NetJ?B_9
Added Pin To Net: NetName=NetJ?B_11 Pin=J?B-11
Added Pin To Net: NetName=NetJ?B_11 Pin=K1E-16
Added Pin To Net: NetName=NetJ?B_11 Pin=R1E-2
Added Net: Name=NetJ?B_11
Added Pin To Net: NetName=NetJ?C_7 Pin=J?C-7
Added Pin To Net: NetName=NetJ?C_7 Pin=K1G-16
Added Pin To Net: NetName=NetJ?C_7 Pin=R1G-2
Added Net: Name=NetJ?C_7
Added Pin To Net: NetName=NetJ?C_9 Pin=J?C-9
Added Pin To Net: NetName=NetJ?C_9 Pin=K1I-16
Added Pin To Net: NetName=NetJ?C_9 Pin=R1I-2
Added Net: Name=NetJ?C_9
Added Pin To Net: NetName=NetJ?C_11 Pin=J?C-11
Added Pin To Net: NetName=NetJ?C_11 Pin=K1H-16
Added Pin To Net: NetName=NetJ?C_11 Pin=R1H-2
Added Net: Name=NetJ?C_11
Added Pin To Net: NetName=NetJ?D_7 Pin=J?D-7
Added Pin To Net: NetName=NetJ?D_7 Pin=K1J-16
Added Pin To Net: NetName=NetJ?D_7 Pin=R1J-2
Added Net: Name=NetJ?D_7
Added Pin To Net: NetName=NetJ?D_9 Pin=J?D-9
Added Pin To Net: NetName=NetJ?D_9 Pin=K1L-16
Added Pin To Net: NetName=NetJ?D_9 Pin=R1L-2
Added Net: Name=NetJ?D_9
Added Pin To Net: NetName=NetJ?D_11 Pin=J?D-11
Added Pin To Net: NetName=NetJ?D_11 Pin=K1K-16
Added Pin To Net: NetName=NetJ?D_11 Pin=R1K-2
Added Net: Name=NetJ?D_11
Added Pin To Net: NetName=NetJ?E_7 Pin=J?E-7
Added Pin To Net: NetName=NetJ?E_7 Pin=K1M-16
Added Pin To Net: NetName=NetJ?E_7 Pin=R1M-2
Added Net: Name=NetJ?E_7
Added Pin To Net: NetName=NetJ?E_9 Pin=J?E-9
Added Pin To Net: NetName=NetJ?E_9 Pin=K1O-16
Added Pin To Net: NetName=NetJ?E_9 Pin=R1O-2
Added Net: Name=NetJ?E_9
Added Pin To Net: NetName=NetJ?E_11 Pin=J?E-11
Added Pin To Net: NetName=NetJ?E_11 Pin=K1N-16
Added Pin To Net: NetName=NetJ?E_11 Pin=R1N-2
Added Net: Name=NetJ?E_11
Added Pin To Net: NetName=SHDN_IN_1E Pin=J3E-8
Added Pin To Net: NetName=SHDN_IN_1E Pin=K1N-8
Added Pin To Net: NetName=SHDN_IN_1E Pin=R2N-2
Added Net: Name=SHDN_IN_1E
Added Pin To Net: NetName=SHDN_IN_2E Pin=J3E-10
Added Pin To Net: NetName=SHDN_IN_2E Pin=K1O-8
Added Pin To Net: NetName=SHDN_IN_2E Pin=R2O-2
Added Net: Name=SHDN_IN_2E
Added Pin To Net: NetName=SHDN_IN_3E Pin=J3E-12
Added Pin To Net: NetName=SHDN_IN_3E Pin=K1M-8
Added Pin To Net: NetName=SHDN_IN_3E Pin=R2M-2
Added Net: Name=SHDN_IN_3E
Added Pin To Net: NetName=SHDN_OUT_1E Pin=J3E-7
Added Pin To Net: NetName=SHDN_OUT_1E Pin=K1N-4
Added Net: Name=SHDN_OUT_1E
Added Pin To Net: NetName=SHDN_OUT_2E Pin=J3E-9
Added Pin To Net: NetName=SHDN_OUT_2E Pin=K1O-4
Added Net: Name=SHDN_OUT_2E
Added Pin To Net: NetName=SHDN_OUT_3E Pin=J3E-11
Added Pin To Net: NetName=SHDN_OUT_3E Pin=K1M-4
Added Net: Name=SHDN_OUT_3E
Added Member To Class: ClassName=DPDT_Relay_11 Member=Component DS1A (DS1) LED Red 0603
Added Member To Class: ClassName=DPDT_Relay_12 Member=Component DS1B (DS1) LED Red 0603
Added Member To Class: ClassName=DPDT_Relay_21 Member=Component DS1C (DS1) LED Red 0603
Added Member To Class: ClassName=DPDT_Relay_19 Member=Component DS1M (DS1) LED Red 0603
Added Member To Class: ClassName=DPDT_Relay_110 Member=Component DS1N (DS1) LED Red 0603
Added Member To Class: ClassName=DPDT_Relay_25 Member=Component DS1O (DS1) LED Red 0603
Added Member To Class: ClassName=DPDT_Relay_11 Member=Component DS2A (DS2) LED Red 0603
Added Member To Class: ClassName=DPDT_Relay_12 Member=Component DS2B (DS2) LED Red 0603
Added Member To Class: ClassName=DPDT_Relay_21 Member=Component DS2C (DS2) LED Red 0603
Added Member To Class: ClassName=DPDT_Relay_19 Member=Component DS2M (DS2) LED Red 0603
Added Member To Class: ClassName=DPDT_Relay_110 Member=Component DS2N (DS2) LED Red 0603
Added Member To Class: ClassName=DPDT_Relay_25 Member=Component DS2O (DS2) LED Red 0603
Added Member To Class: ClassName=C1 Member=Component J3A (J3) MX120G
Added Member To Class: ClassName=C5 Member=Component J3E (J3) MX120G
Added Member To Class: ClassName=ShutdownDPDT-S01-V00 Member=Component J8 MX120G
Added Member To Class: ClassName=ShutdownDPDT-S01-V00 Member=Component J9 MX120G
Added Member To Class: ClassName=ShutdownDPDT-S01-V00 Member=Component J10 MX120G
Added Member To Class: ClassName=ShutdownDPDT-S01-V00 Member=Component J11 MX120G
Added Member To Class: ClassName=C1 Member=Component J?A (J?) MX120G
Added Member To Class: ClassName=C2 Member=Component J?B (J?) MX120G
Added Member To Class: ClassName=C3 Member=Component J?C (J?) MX120G
Added Member To Class: ClassName=C4 Member=Component J?D (J?) MX120G
Added Member To Class: ClassName=C5 Member=Component J?E (J?) MX120G
Added Member To Class: ClassName=DPDT_Relay_11 Member=Component K1A (K1) G5V-2-DC12
Added Member To Class: ClassName=DPDT_Relay_12 Member=Component K1B (K1) G5V-2-DC12
Added Member To Class: ClassName=DPDT_Relay_21 Member=Component K1C (K1) G5V-2-DC12
Added Member To Class: ClassName=DPDT_Relay_19 Member=Component K1M (K1) G5V-2-DC12
Added Member To Class: ClassName=DPDT_Relay_110 Member=Component K1N (K1) G5V-2-DC12
Added Member To Class: ClassName=DPDT_Relay_25 Member=Component K1O (K1) G5V-2-DC12
Added Member To Class: ClassName=DPDT_Relay_11 Member=Component R1A (R1) 1k 5% 0603
Added Member To Class: ClassName=DPDT_Relay_12 Member=Component R1B (R1) 1k 5% 0603
Added Member To Class: ClassName=DPDT_Relay_21 Member=Component R1C (R1) 1k 5% 0603
Added Member To Class: ClassName=DPDT_Relay_19 Member=Component R1M (R1) 1k 5% 0603
Added Member To Class: ClassName=DPDT_Relay_110 Member=Component R1N (R1) 1k 5% 0603
Added Member To Class: ClassName=DPDT_Relay_25 Member=Component R1O (R1) 1k 5% 0603
Added Member To Class: ClassName=DPDT_Relay_11 Member=Component R2A (R2) 1k 5% 0603
Added Member To Class: ClassName=DPDT_Relay_12 Member=Component R2B (R2) 1k 5% 0603
Added Member To Class: ClassName=DPDT_Relay_21 Member=Component R2C (R2) 1k 5% 0603
Added Member To Class: ClassName=DPDT_Relay_19 Member=Component R2M (R2) 1k 5% 0603
Added Member To Class: ClassName=DPDT_Relay_110 Member=Component R2N (R2) 1k 5% 0603
Added Member To Class: ClassName=DPDT_Relay_25 Member=Component R2O (R2) 1k 5% 0603
Added Room: Name=C1
Added Room: Name=C2
Added Room: Name=C3
Added Room: Name=C4
Added Room: Name=C5
