Removed Pin From Net: NetName=LED GND Pin=DS1-2
Removed Pin From Net: NetName=LED GND Pin=DS2-2
Removed Pin From Net: NetName=LED GND Pin=DS3-2
Removed Pin From Net: NetName=LED GND Pin=DS4-2
Removed Pin From Net: NetName=LED GND Pin=DS5-2
Removed Pin From Net: NetName=LED GND Pin=DS6-2
Removed Pin From Net: NetName=LED GND Pin=DS7-2
Removed Pin From Net: NetName=LED GND Pin=DS8-2
Removed Pin From Net: NetName=LED GND Pin=DS9-2
Removed Pin From Net: NetName=LED GND Pin=DS10-2
Removed Pin From Net: NetName=LED GND Pin=DS11-2
Removed Pin From Net: NetName=LED GND Pin=DS12-2
Removed Pin From Net: NetName=NetDS1B_1 Pin=DS13-1
Removed Pin From Net: NetName=LED GND Pin=DS13-2
Removed Pin From Net: NetName=NetDS2B_1 Pin=DS14-1
Removed Pin From Net: NetName=LED GND Pin=DS14-2
Removed Pin From Net: NetName=NetDS1C_1 Pin=DS15-1
Removed Pin From Net: NetName=LED GND Pin=DS15-2
Removed Pin From Net: NetName=NetDS2C_1 Pin=DS16-1
Removed Pin From Net: NetName=LED GND Pin=DS16-2
Removed Pin From Net: NetName=NetDS1A_1 Pin=DS17-1
Removed Pin From Net: NetName=LED GND Pin=DS17-2
Removed Pin From Net: NetName=NetDS2A_1 Pin=DS18-1
Removed Pin From Net: NetName=LED GND Pin=DS18-2
Removed Pin From Net: NetName=LED GND Pin=DS19-2
Removed Pin From Net: NetName=LED GND Pin=DS20-2
Removed Pin From Net: NetName=LED GND Pin=DS21-2
Removed Pin From Net: NetName=LED GND Pin=DS22-2
Removed Pin From Net: NetName=LED GND Pin=DS23-2
Removed Pin From Net: NetName=LED GND Pin=DS24-2
Removed Pin From Net: NetName=LED GND Pin=DS25-2
Removed Pin From Net: NetName=LED GND Pin=DS26-2
Removed Pin From Net: NetName=LED GND Pin=DS27-2
Removed Pin From Net: NetName=LED GND Pin=DS28-2
Removed Pin From Net: NetName=LED GND Pin=DS29-2
Removed Pin From Net: NetName=LED GND Pin=DS30-2
Removed Pin From Net: NetName=GND Pin=J2-3
Removed Pin From Net: NetName=12V Pin=J2-4
Removed Pin From Net: NetName=12V Pin=J2-5
Removed Pin From Net: NetName=GND Pin=J2-6
Removed Pin From Net: NetName=GND Pin=J2-9
Removed Pin From Net: NetName=12V Pin=J2-11
Removed Pin From Net: NetName=GND Pin=J2-12
Removed Pin From Net: NetName=GND Pin=J5-3
Removed Pin From Net: NetName=12V Pin=J5-4
Removed Pin From Net: NetName=12V Pin=J5-5
Removed Pin From Net: NetName=GND Pin=J5-6
Removed Pin From Net: NetName=GND Pin=J5-9
Removed Pin From Net: NetName=12V Pin=J5-10
Removed Pin From Net: NetName=12V Pin=J5-11
Removed Pin From Net: NetName=GND Pin=J5-12
Removed Pin From Net: NetName=12V Pin=J?A1-8
Removed Pin From Net: NetName=12V Pin=J?A1-10
Removed Pin From Net: NetName=12V Pin=J?A1-12
Removed Pin From Net: NetName=12V Pin=J?B1-8
Removed Pin From Net: NetName=12V Pin=J?B1-10
Removed Pin From Net: NetName=12V Pin=J?B1-12
Removed Pin From Net: NetName=12V Pin=J?C1-8
Removed Pin From Net: NetName=12V Pin=J?C1-10
Removed Pin From Net: NetName=12V Pin=J?C1-12
Removed Pin From Net: NetName=12V Pin=J?D1-8
Removed Pin From Net: NetName=12V Pin=J?D1-10
Removed Pin From Net: NetName=12V Pin=J?D1-12
Removed Pin From Net: NetName=12V Pin=J?E1-8
Removed Pin From Net: NetName=12V Pin=J?E1-10
Removed Pin From Net: NetName=12V Pin=J?E1-12
Removed Pin From Net: NetName=GND Pin=K1-1
Removed Pin From Net: NetName=GND Pin=K2-1
Removed Pin From Net: NetName=GND Pin=K3-1
Removed Pin From Net: NetName=GND Pin=K4-1
Removed Pin From Net: NetName=GND Pin=K5-1
Removed Pin From Net: NetName=GND Pin=K6-1
Removed Pin From Net: NetName=GND Pin=K7-1
Removed Pin From Net: NetName=GND Pin=K8-1
Removed Pin From Net: NetName=GND Pin=K9-1
Removed Pin From Net: NetName=GND Pin=K10-1
Removed Pin From Net: NetName=GND Pin=K11-1
Removed Pin From Net: NetName=GND Pin=K12-1
Removed Pin From Net: NetName=GND Pin=K13-1
Removed Pin From Net: NetName=GND Pin=K14-1
Removed Pin From Net: NetName=GND Pin=K15-1
Removed Pin From Net: NetName=NetDS2B_1 Pin=R13-1
Removed Pin From Net: NetName=NetDS1B_1 Pin=R14-1
Removed Pin From Net: NetName=NetDS2C_1 Pin=R15-1
Removed Pin From Net: NetName=NetDS1C_1 Pin=R16-1
Removed Pin From Net: NetName=NetDS2A_1 Pin=R17-1
Removed Pin From Net: NetName=NetDS1A_1 Pin=R18-1
Removed Member From Class: ClassName=DPDT_Relay_12 Member=DS13
Removed Member From Class: ClassName=DPDT_Relay_12 Member=DS14
Removed Member From Class: ClassName=DPDT_Relay_11 Member=DS17
Removed Member From Class: ClassName=DPDT_Relay_11 Member=DS18
Removed Member From Class: ClassName=ShutdownDPDT-S01-V00 Member=J2
Removed Member From Class: ClassName=DPDT_Relay_12 Member=K7
Removed Member From Class: ClassName=DPDT_Relay_11 Member=K9
Removed Member From Class: ClassName=DPDT_Relay_12 Member=R13
Removed Member From Class: ClassName=DPDT_Relay_12 Member=R14
Removed Member From Class: ClassName=DPDT_Relay_11 Member=R17
Removed Member From Class: ClassName=DPDT_Relay_11 Member=R18
Change Component Footprint: Designator=J1 Old Footprint=MX120G New Footprint=JST PH 2x RIGHT COMB
Change Component Comment : Designator=J1 Old Comment=MX120G New Comment=JST PH 2x RIGHT COMB
Change Component Designator: OldDesignator=DS31 NewDesignator=DS3
Change Component Designator: OldDesignator=J8 NewDesignator=J5
Change Component Designator: OldDesignator=R31 NewDesignator=R3
Added Component: Designator=DS1A(LED RED 0603)
Added Component: Designator=DS1B(LED RED 0603)
Added Component: Designator=DS1C(LED RED 0603)
Added Component: Designator=DS2A(LED RED 0603)
Added Component: Designator=DS2B(LED RED 0603)
Added Component: Designator=DS2C(LED RED 0603)
Added Component: Designator=K1A(FP-G5V-2-DC12-MFG)
Add component (AddParameter): Name = "Approvals"; Value = "UL"; VariantName = "[No Variations]"
Add component (AddParameter): Name = "Case/Package"; Value = "DIP"; VariantName = "[No Variations]"
Add component (AddParameter): Name = "Coil Current"; Value = "41.7mA"; VariantName = "[No Variations]"
Add component (AddParameter): Name = "Coil Power"; Value = "500mW"; VariantName = "[No Variations]"
Add component (AddParameter): Name = "Coil Resistance"; Value = "288R"; VariantName = "[No Variations]"
Add component (AddParameter): Name = "Coil Type"; Value = "Non-Latching"; VariantName = "[No Variations]"
Add component (AddParameter): Name = "Coil Voltage (DC)"; Value = "12V"; VariantName = "[No Variations]"
Add component (AddParameter): Name = "Contact Current Rating"; Value = "2A"; VariantName = "[No Variations]"
Add component (AddParameter): Name = "Contact Material"; Value = "Gold"; VariantName = "[No Variations]"
Add component (AddParameter): Name = "Current Rating"; Value = "2A"; VariantName = "[No Variations]"
Add component (AddParameter): Name = "Depth"; Value = "10.1mm"; VariantName = "[No Variations]"
Add component (AddParameter): Name = "Height"; Value = "11.5mm"; VariantName = "[No Variations]"
Add component (AddParameter): Name = "Lead Free"; Value = "Lead Free"; VariantName = "[No Variations]"
Add component (AddParameter): Name = "Length"; Value = "20.5mm"; VariantName = "[No Variations]"
Add component (AddParameter): Name = "Manufacturer Series"; Value = "G5V-2"; VariantName = "[No Variations]"
Add component (AddParameter): Name = "Max Current Rating"; Value = "2A"; VariantName = "[No Variations]"
Add component (AddParameter): Name = "Max Operating Temperature"; Value = "65°C"; VariantName = "[No Variations]"
Add component (AddParameter): Name = "Max Voltage Rating (AC)"; Value = "125V"; VariantName = "[No Variations]"
Add component (AddParameter): Name = "Max Voltage Rating (DC)"; Value = "125V"; VariantName = "[No Variations]"
Add component (AddParameter): Name = "Min Operating Temperature"; Value = "-25°C"; VariantName = "[No Variations]"
Add component (AddParameter): Name = "Mount"; Value = "Through Hole"; VariantName = "[No Variations]"
Add component (AddParameter): Name = "Number of Pins"; Value = "8"; VariantName = "[No Variations]"
Add component (AddParameter): Name = "Operate Time"; Value = "7ms"; VariantName = "[No Variations]"
Add component (AddParameter): Name = "Package Quantity"; Value = "25"; VariantName = "[No Variations]"
Add component (AddParameter): Name = "Packaging"; Value = "Rail/Tube"; VariantName = "[No Variations]"
Add component (AddParameter): Name = "Power Consumption"; Value = "500mW"; VariantName = "[No Variations]"
Add component (AddParameter): Name = "Power Rating"; Value = "500mW"; VariantName = "[No Variations]"
Add component (AddParameter): Name = "Radiation Hardening"; Value = "No"; VariantName = "[No Variations]"
Add component (AddParameter): Name = "Reference Standard"; Value = "UL"; VariantName = "[No Variations]"
Add component (AddParameter): Name = "Relay Action"; Value = "MOMENTARY"; VariantName = "[No Variations]"
Add component (AddParameter): Name = "Relay Function"; Value = "DPDT"; VariantName = "[No Variations]"
Add component (AddParameter): Name = "Relay Type"; Value = "General Purpose"; VariantName = "[No Variations]"
Add component (AddParameter): Name = "Release Time"; Value = "3ms"; VariantName = "[No Variations]"
Add component (AddParameter): Name = "Series"; Value = "G5V-2"; VariantName = "[No Variations]"
Add component (AddParameter): Name = "Termination"; Value = "PC Pin"; VariantName = "[No Variations]"
Add component (AddParameter): Name = "Throw Configuration"; Value = "DPDT"; VariantName = "[No Variations]"
Add component (AddParameter): Name = "Type"; Value = "Electromechanical"; VariantName = "[No Variations]"
Add component (AddParameter): Name = "Voltage Rating (AC)"; Value = "125V"; VariantName = "[No Variations]"
Add component (AddParameter): Name = "Voltage Rating (DC)"; Value = "125V"; VariantName = "[No Variations]"
Add component (AddParameter): Name = "Weight"; Value = "5g"; VariantName = "[No Variations]"
Add component (AddParameter): Name = "Width"; Value = "10.1mm"; VariantName = "[No Variations]"
Added Component: Designator=K1B(FP-G5V-2-DC12-MFG)
Add component (AddParameter): Name = "Approvals"; Value = "UL"; VariantName = "[No Variations]"
Add component (AddParameter): Name = "Case/Package"; Value = "DIP"; VariantName = "[No Variations]"
Add component (AddParameter): Name = "Coil Current"; Value = "41.7mA"; VariantName = "[No Variations]"
Add component (AddParameter): Name = "Coil Power"; Value = "500mW"; VariantName = "[No Variations]"
Add component (AddParameter): Name = "Coil Resistance"; Value = "288R"; VariantName = "[No Variations]"
Add component (AddParameter): Name = "Coil Type"; Value = "Non-Latching"; VariantName = "[No Variations]"
Add component (AddParameter): Name = "Coil Voltage (DC)"; Value = "12V"; VariantName = "[No Variations]"
Add component (AddParameter): Name = "Contact Current Rating"; Value = "2A"; VariantName = "[No Variations]"
Add component (AddParameter): Name = "Contact Material"; Value = "Gold"; VariantName = "[No Variations]"
Add component (AddParameter): Name = "Current Rating"; Value = "2A"; VariantName = "[No Variations]"
Add component (AddParameter): Name = "Depth"; Value = "10.1mm"; VariantName = "[No Variations]"
Add component (AddParameter): Name = "Height"; Value = "11.5mm"; VariantName = "[No Variations]"
Add component (AddParameter): Name = "Lead Free"; Value = "Lead Free"; VariantName = "[No Variations]"
Add component (AddParameter): Name = "Length"; Value = "20.5mm"; VariantName = "[No Variations]"
Add component (AddParameter): Name = "Manufacturer Series"; Value = "G5V-2"; VariantName = "[No Variations]"
Add component (AddParameter): Name = "Max Current Rating"; Value = "2A"; VariantName = "[No Variations]"
Add component (AddParameter): Name = "Max Operating Temperature"; Value = "65°C"; VariantName = "[No Variations]"
Add component (AddParameter): Name = "Max Voltage Rating (AC)"; Value = "125V"; VariantName = "[No Variations]"
Add component (AddParameter): Name = "Max Voltage Rating (DC)"; Value = "125V"; VariantName = "[No Variations]"
Add component (AddParameter): Name = "Min Operating Temperature"; Value = "-25°C"; VariantName = "[No Variations]"
Add component (AddParameter): Name = "Mount"; Value = "Through Hole"; VariantName = "[No Variations]"
Add component (AddParameter): Name = "Number of Pins"; Value = "8"; VariantName = "[No Variations]"
Add component (AddParameter): Name = "Operate Time"; Value = "7ms"; VariantName = "[No Variations]"
Add component (AddParameter): Name = "Package Quantity"; Value = "25"; VariantName = "[No Variations]"
Add component (AddParameter): Name = "Packaging"; Value = "Rail/Tube"; VariantName = "[No Variations]"
Add component (AddParameter): Name = "Power Consumption"; Value = "500mW"; VariantName = "[No Variations]"
Add component (AddParameter): Name = "Power Rating"; Value = "500mW"; VariantName = "[No Variations]"
Add component (AddParameter): Name = "Radiation Hardening"; Value = "No"; VariantName = "[No Variations]"
Add component (AddParameter): Name = "Reference Standard"; Value = "UL"; VariantName = "[No Variations]"
Add component (AddParameter): Name = "Relay Action"; Value = "MOMENTARY"; VariantName = "[No Variations]"
Add component (AddParameter): Name = "Relay Function"; Value = "DPDT"; VariantName = "[No Variations]"
Add component (AddParameter): Name = "Relay Type"; Value = "General Purpose"; VariantName = "[No Variations]"
Add component (AddParameter): Name = "Release Time"; Value = "3ms"; VariantName = "[No Variations]"
Add component (AddParameter): Name = "Series"; Value = "G5V-2"; VariantName = "[No Variations]"
Add component (AddParameter): Name = "Termination"; Value = "PC Pin"; VariantName = "[No Variations]"
Add component (AddParameter): Name = "Throw Configuration"; Value = "DPDT"; VariantName = "[No Variations]"
Add component (AddParameter): Name = "Type"; Value = "Electromechanical"; VariantName = "[No Variations]"
Add component (AddParameter): Name = "Voltage Rating (AC)"; Value = "125V"; VariantName = "[No Variations]"
Add component (AddParameter): Name = "Voltage Rating (DC)"; Value = "125V"; VariantName = "[No Variations]"
Add component (AddParameter): Name = "Weight"; Value = "5g"; VariantName = "[No Variations]"
Add component (AddParameter): Name = "Width"; Value = "10.1mm"; VariantName = "[No Variations]"
Added Component: Designator=K1C(FP-G5V-2-DC12-MFG)
Add component (AddParameter): Name = "Approvals"; Value = "UL"; VariantName = "[No Variations]"
Add component (AddParameter): Name = "Case/Package"; Value = "DIP"; VariantName = "[No Variations]"
Add component (AddParameter): Name = "Coil Current"; Value = "41.7mA"; VariantName = "[No Variations]"
Add component (AddParameter): Name = "Coil Power"; Value = "500mW"; VariantName = "[No Variations]"
Add component (AddParameter): Name = "Coil Resistance"; Value = "288R"; VariantName = "[No Variations]"
Add component (AddParameter): Name = "Coil Type"; Value = "Non-Latching"; VariantName = "[No Variations]"
Add component (AddParameter): Name = "Coil Voltage (DC)"; Value = "12V"; VariantName = "[No Variations]"
Add component (AddParameter): Name = "Contact Current Rating"; Value = "2A"; VariantName = "[No Variations]"
Add component (AddParameter): Name = "Contact Material"; Value = "Gold"; VariantName = "[No Variations]"
Add component (AddParameter): Name = "Current Rating"; Value = "2A"; VariantName = "[No Variations]"
Add component (AddParameter): Name = "Depth"; Value = "10.1mm"; VariantName = "[No Variations]"
Add component (AddParameter): Name = "Height"; Value = "11.5mm"; VariantName = "[No Variations]"
Add component (AddParameter): Name = "Lead Free"; Value = "Lead Free"; VariantName = "[No Variations]"
Add component (AddParameter): Name = "Length"; Value = "20.5mm"; VariantName = "[No Variations]"
Add component (AddParameter): Name = "Manufacturer Series"; Value = "G5V-2"; VariantName = "[No Variations]"
Add component (AddParameter): Name = "Max Current Rating"; Value = "2A"; VariantName = "[No Variations]"
Add component (AddParameter): Name = "Max Operating Temperature"; Value = "65°C"; VariantName = "[No Variations]"
Add component (AddParameter): Name = "Max Voltage Rating (AC)"; Value = "125V"; VariantName = "[No Variations]"
Add component (AddParameter): Name = "Max Voltage Rating (DC)"; Value = "125V"; VariantName = "[No Variations]"
Add component (AddParameter): Name = "Min Operating Temperature"; Value = "-25°C"; VariantName = "[No Variations]"
Add component (AddParameter): Name = "Mount"; Value = "Through Hole"; VariantName = "[No Variations]"
Add component (AddParameter): Name = "Number of Pins"; Value = "8"; VariantName = "[No Variations]"
Add component (AddParameter): Name = "Operate Time"; Value = "7ms"; VariantName = "[No Variations]"
Add component (AddParameter): Name = "Package Quantity"; Value = "25"; VariantName = "[No Variations]"
Add component (AddParameter): Name = "Packaging"; Value = "Rail/Tube"; VariantName = "[No Variations]"
Add component (AddParameter): Name = "Power Consumption"; Value = "500mW"; VariantName = "[No Variations]"
Add component (AddParameter): Name = "Power Rating"; Value = "500mW"; VariantName = "[No Variations]"
Add component (AddParameter): Name = "Radiation Hardening"; Value = "No"; VariantName = "[No Variations]"
Add component (AddParameter): Name = "Reference Standard"; Value = "UL"; VariantName = "[No Variations]"
Add component (AddParameter): Name = "Relay Action"; Value = "MOMENTARY"; VariantName = "[No Variations]"
Add component (AddParameter): Name = "Relay Function"; Value = "DPDT"; VariantName = "[No Variations]"
Add component (AddParameter): Name = "Relay Type"; Value = "General Purpose"; VariantName = "[No Variations]"
Add component (AddParameter): Name = "Release Time"; Value = "3ms"; VariantName = "[No Variations]"
Add component (AddParameter): Name = "Series"; Value = "G5V-2"; VariantName = "[No Variations]"
Add component (AddParameter): Name = "Termination"; Value = "PC Pin"; VariantName = "[No Variations]"
Add component (AddParameter): Name = "Throw Configuration"; Value = "DPDT"; VariantName = "[No Variations]"
Add component (AddParameter): Name = "Type"; Value = "Electromechanical"; VariantName = "[No Variations]"
Add component (AddParameter): Name = "Voltage Rating (AC)"; Value = "125V"; VariantName = "[No Variations]"
Add component (AddParameter): Name = "Voltage Rating (DC)"; Value = "125V"; VariantName = "[No Variations]"
Add component (AddParameter): Name = "Weight"; Value = "5g"; VariantName = "[No Variations]"
Add component (AddParameter): Name = "Width"; Value = "10.1mm"; VariantName = "[No Variations]"
Added Component: Designator=R1A(Res_ThinFilm_0603)
Added Component: Designator=R1B(Res_ThinFilm_0603)
Added Component: Designator=R1C(Res_ThinFilm_0603)
Added Component: Designator=R2A(Res_ThinFilm_0603)
Added Component: Designator=R2B(Res_ThinFilm_0603)
Added Component: Designator=R2C(Res_ThinFilm_0603)
Added Pin To Net: NetName=NetDS1A_1 Pin=DS1A-1
Added Pin To Net: NetName=LED GND Pin=DS1A-2
Added Pin To Net: NetName=NetDS1B_1 Pin=DS1B-1
Added Pin To Net: NetName=LED GND Pin=DS1B-2
Added Pin To Net: NetName=NetDS1C_1 Pin=DS1C-1
Added Pin To Net: NetName=LED GND Pin=DS1C-2
Added Pin To Net: NetName=NetDS2A_1 Pin=DS2A-1
Added Pin To Net: NetName=LED GND Pin=DS2A-2
Added Pin To Net: NetName=NetDS2B_1 Pin=DS2B-1
Added Pin To Net: NetName=LED GND Pin=DS2B-2
Added Pin To Net: NetName=NetDS2C_1 Pin=DS2C-1
Added Pin To Net: NetName=LED GND Pin=DS2C-2
Added Pin To Net: NetName=12V Pin=J1-1
Added Pin To Net: NetName=12V Pin=J1-1
Added Pin To Net: NetName=GND Pin=J1-2
Added Pin To Net: NetName=GND Pin=J1-2
Added Pin To Net: NetName=12V Pin=J2-8
Added Pin To Net: NetName=12V Pin=J2-12
Added Pin To Net: NetName=GND Pin=K1A-1
Added Pin To Net: NetName=GND Pin=K1B-1
Added Pin To Net: NetName=GND Pin=K1C-1
Added Pin To Net: NetName=NetDS1A_1 Pin=R1A-1
Added Pin To Net: NetName=NetDS1B_1 Pin=R1B-1
Added Pin To Net: NetName=NetDS1C_1 Pin=R1C-1
Added Pin To Net: NetName=NetDS2A_1 Pin=R2A-1
Added Pin To Net: NetName=NetDS2B_1 Pin=R2B-1
Added Pin To Net: NetName=NetDS2C_1 Pin=R2C-1
Added Pin To Net: NetName=DET_IN_1 Pin=J3-2
Added Pin To Net: NetName=DET_IN_1 Pin=K1B-13
Added Net: Name=DET_IN_1
Added Pin To Net: NetName=DET_IN_2 Pin=J3-4
Added Pin To Net: NetName=DET_IN_2 Pin=K1C-13
Added Net: Name=DET_IN_2
Added Pin To Net: NetName=DET_IN_3 Pin=J3-6
Added Pin To Net: NetName=DET_IN_3 Pin=K1A-13
Added Net: Name=DET_IN_3
Added Pin To Net: NetName=DET_OUT_1 Pin=J3-1
Added Pin To Net: NetName=DET_OUT_1 Pin=K1B-9
Added Net: Name=DET_OUT_1
Added Pin To Net: NetName=DET_OUT_2 Pin=J3-3
Added Pin To Net: NetName=DET_OUT_2 Pin=K1C-9
Added Net: Name=DET_OUT_2
Added Pin To Net: NetName=DET_OUT_3 Pin=J3-5
Added Pin To Net: NetName=DET_OUT_3 Pin=K1A-9
Added Net: Name=DET_OUT_3
Added Pin To Net: NetName=NetJ2_7 Pin=J2-7
Added Pin To Net: NetName=NetJ2_7 Pin=K1A-16
Added Pin To Net: NetName=NetJ2_7 Pin=R1A-2
Added Net: Name=NetJ2_7
Added Pin To Net: NetName=NetJ2_9 Pin=J2-9
Added Pin To Net: NetName=NetJ2_9 Pin=K1C-16
Added Pin To Net: NetName=NetJ2_9 Pin=R1C-2
Added Net: Name=NetJ2_9
Added Pin To Net: NetName=NetJ2_11 Pin=J2-11
Added Pin To Net: NetName=NetJ2_11 Pin=K1B-16
Added Pin To Net: NetName=NetJ2_11 Pin=R1B-2
Added Net: Name=NetJ2_11
Added Pin To Net: NetName=SHDN_IN_1 Pin=J3-8
Added Pin To Net: NetName=SHDN_IN_1 Pin=K1B-8
Added Pin To Net: NetName=SHDN_IN_1 Pin=R2B-2
Added Net: Name=SHDN_IN_1
Added Pin To Net: NetName=SHDN_IN_2 Pin=J3-10
Added Pin To Net: NetName=SHDN_IN_2 Pin=K1C-8
Added Pin To Net: NetName=SHDN_IN_2 Pin=R2C-2
Added Net: Name=SHDN_IN_2
Added Pin To Net: NetName=SHDN_IN_3 Pin=J3-12
Added Pin To Net: NetName=SHDN_IN_3 Pin=K1A-8
Added Pin To Net: NetName=SHDN_IN_3 Pin=R2A-2
Added Net: Name=SHDN_IN_3
Added Pin To Net: NetName=SHDN_OUT_1 Pin=J3-7
Added Pin To Net: NetName=SHDN_OUT_1 Pin=K1B-4
Added Net: Name=SHDN_OUT_1
Added Pin To Net: NetName=SHDN_OUT_2 Pin=J3-9
Added Pin To Net: NetName=SHDN_OUT_2 Pin=K1C-4
Added Net: Name=SHDN_OUT_2
Added Pin To Net: NetName=SHDN_OUT_3 Pin=J3-11
Added Pin To Net: NetName=SHDN_OUT_3 Pin=K1A-4
Added Net: Name=SHDN_OUT_3
Added Class: Name=DPDT_Relay_2
Added Class: Name=RelayGroup
Added Member To Class: ClassName=DPDT_Relay_11 Member=Component DS1A (DS1) LED Red 0603
Added Member To Class: ClassName=DPDT_Relay_12 Member=Component DS1B (DS1) LED Red 0603
Added Member To Class: ClassName=DPDT_Relay_11 Member=Component DS2A (DS2) LED Red 0603
Added Member To Class: ClassName=DPDT_Relay_12 Member=Component DS2B (DS2) LED Red 0603
Added Member To Class: ClassName=ShutdownDPDT-S01-V00 Member=Component J1 JST PH 2x RIGHT COMB
Added Member To Class: ClassName=DPDT_Relay_11 Member=Component K1A (K1) G5V-2-DC12
Added Member To Class: ClassName=DPDT_Relay_12 Member=Component K1B (K1) G5V-2-DC12
Added Member To Class: ClassName=DPDT_Relay_11 Member=Component R1A (R1) 1k 5% 0603
Added Member To Class: ClassName=DPDT_Relay_12 Member=Component R1B (R1) 1k 5% 0603
Added Member To Class: ClassName=DPDT_Relay_11 Member=Component R2A (R2) 1k 5% 0603
Added Member To Class: ClassName=DPDT_Relay_12 Member=Component R2B (R2) 1k 5% 0603
Change Room Name: Old Name=DPDT_Relay_110 New Name=RelayGroup
Change Room Scope: Old Scope=InComponentClass('DPDT_Relay_110') New Scope=InComponentClass('RelayGroup')
Change Room Name: Old Name=RelayGroup1 New Name=DPDT_Relay_2
Change Room Scope: Old Scope=InComponentClass('RelayGroup1') New Scope=InComponentClass('DPDT_Relay_2')
