Added Component: Designator=DS1A(LED RED 0603)
Added Component: Designator=DS1B(LED RED 0603)
Added Component: Designator=DS1C(LED RED 0603)
Added Component: Designator=DS1D(LED RED 0603)
Added Component: Designator=DS1E(LED RED 0603)
Added Component: Designator=DS1F(LED RED 0603)
Added Component: Designator=DS1G(LED RED 0603)
Added Component: Designator=DS1H(LED RED 0603)
Added Component: Designator=DS1I(LED RED 0603)
Added Component: Designator=DS1J(LED RED 0603)
Added Component: Designator=DS1K(LED RED 0603)
Added Component: Designator=DS1L(LED RED 0603)
Added Component: Designator=DS1M(LED RED 0603)
Added Component: Designator=DS1N(LED RED 0603)
Added Component: Designator=DS1O(LED RED 0603)
Added Component: Designator=DS2A(LED RED 0603)
Added Component: Designator=DS2B(LED RED 0603)
Added Component: Designator=DS2C(LED RED 0603)
Added Component: Designator=DS2D(LED RED 0603)
Added Component: Designator=DS2E(LED RED 0603)
Added Component: Designator=DS2F(LED RED 0603)
Added Component: Designator=DS2G(LED RED 0603)
Added Component: Designator=DS2H(LED RED 0603)
Added Component: Designator=DS2I(LED RED 0603)
Added Component: Designator=DS2J(LED RED 0603)
Added Component: Designator=DS2K(LED RED 0603)
Added Component: Designator=DS2L(LED RED 0603)
Added Component: Designator=DS2M(LED RED 0603)
Added Component: Designator=DS2N(LED RED 0603)
Added Component: Designator=DS2O(LED RED 0603)
Added Component: Designator=DS3(LED GREEN 0603)
Added Component: Designator=J3E(MX120G)
Added Component: Designator=J5(Jumper_2Way_Pin)
Added Component: Designator=J6(MX120G)
Added Component: Designator=K1M(FP-G5V-2-DC12-MFG)
Add component (AddParameter): Name = "Approvals"; Value = "UL"; VariantName = "[No Variations]"
Add component (AddParameter): Name = "Case/Package"; Value = "DIP"; VariantName = "[No Variations]"
Add component (AddParameter): Name = "Coil Current"; Value = "41.7mA"; VariantName = "[No Variations]"
Add component (AddParameter): Name = "Coil Power"; Value = "500mW"; VariantName = "[No Variations]"
Add component (AddParameter): Name = "Coil Resistance"; Value = "288R"; VariantName = "[No Variations]"
Add component (AddParameter): Name = "Coil Type"; Value = "Non-Latching"; VariantName = "[No Variations]"
Add component (AddParameter): Name = "Coil Voltage (DC)"; Value = "12V"; VariantName = "[No Variations]"
Add component (AddParameter): Name = "Contact Current Rating"; Value = "2A"; VariantName = "[No Variations]"
Add component (AddParameter): Name = "Contact Material"; Value = "Gold"; VariantName = "[No Variations]"
Add component (AddParameter): Name = "Current Rating"; Value = "2A"; VariantName = "[No Variations]"
Add component (AddParameter): Name = "Depth"; Value = "10.1mm"; VariantName = "[No Variations]"
Add component (AddParameter): Name = "Height"; Value = "11.5mm"; VariantName = "[No Variations]"
Add component (AddParameter): Name = "Lead Free"; Value = "Lead Free"; VariantName = "[No Variations]"
Add component (AddParameter): Name = "Length"; Value = "20.5mm"; VariantName = "[No Variations]"
Add component (AddParameter): Name = "Manufacturer Series"; Value = "G5V-2"; VariantName = "[No Variations]"
Add component (AddParameter): Name = "Max Current Rating"; Value = "2A"; VariantName = "[No Variations]"
Add component (AddParameter): Name = "Max Operating Temperature"; Value = "65°C"; VariantName = "[No Variations]"
Add component (AddParameter): Name = "Max Voltage Rating (AC)"; Value = "125V"; VariantName = "[No Variations]"
Add component (AddParameter): Name = "Max Voltage Rating (DC)"; Value = "125V"; VariantName = "[No Variations]"
Add component (AddParameter): Name = "Min Operating Temperature"; Value = "-25°C"; VariantName = "[No Variations]"
Add component (AddParameter): Name = "Mount"; Value = "Through Hole"; VariantName = "[No Variations]"
Add component (AddParameter): Name = "Number of Pins"; Value = "8"; VariantName = "[No Variations]"
Add component (AddParameter): Name = "Operate Time"; Value = "7ms"; VariantName = "[No Variations]"
Add component (AddParameter): Name = "Package Quantity"; Value = "25"; VariantName = "[No Variations]"
Add component (AddParameter): Name = "Packaging"; Value = "Rail/Tube"; VariantName = "[No Variations]"
Add component (AddParameter): Name = "Power Consumption"; Value = "500mW"; VariantName = "[No Variations]"
Add component (AddParameter): Name = "Power Rating"; Value = "500mW"; VariantName = "[No Variations]"
Add component (AddParameter): Name = "Radiation Hardening"; Value = "No"; VariantName = "[No Variations]"
Add component (AddParameter): Name = "Reference Standard"; Value = "UL"; VariantName = "[No Variations]"
Add component (AddParameter): Name = "Relay Action"; Value = "MOMENTARY"; VariantName = "[No Variations]"
Add component (AddParameter): Name = "Relay Function"; Value = "DPDT"; VariantName = "[No Variations]"
Add component (AddParameter): Name = "Relay Type"; Value = "General Purpose"; VariantName = "[No Variations]"
Add component (AddParameter): Name = "Release Time"; Value = "3ms"; VariantName = "[No Variations]"
Add component (AddParameter): Name = "Series"; Value = "G5V-2"; VariantName = "[No Variations]"
Add component (AddParameter): Name = "Termination"; Value = "PC Pin"; VariantName = "[No Variations]"
Add component (AddParameter): Name = "Throw Configuration"; Value = "DPDT"; VariantName = "[No Variations]"
Add component (AddParameter): Name = "Type"; Value = "Electromechanical"; VariantName = "[No Variations]"
Add component (AddParameter): Name = "Voltage Rating (AC)"; Value = "125V"; VariantName = "[No Variations]"
Add component (AddParameter): Name = "Voltage Rating (DC)"; Value = "125V"; VariantName = "[No Variations]"
Add component (AddParameter): Name = "Weight"; Value = "5g"; VariantName = "[No Variations]"
Add component (AddParameter): Name = "Width"; Value = "10.1mm"; VariantName = "[No Variations]"
Added Component: Designator=K1N(FP-G5V-2-DC12-MFG)
Add component (AddParameter): Name = "Approvals"; Value = "UL"; VariantName = "[No Variations]"
Add component (AddParameter): Name = "Case/Package"; Value = "DIP"; VariantName = "[No Variations]"
Add component (AddParameter): Name = "Coil Current"; Value = "41.7mA"; VariantName = "[No Variations]"
Add component (AddParameter): Name = "Coil Power"; Value = "500mW"; VariantName = "[No Variations]"
Add component (AddParameter): Name = "Coil Resistance"; Value = "288R"; VariantName = "[No Variations]"
Add component (AddParameter): Name = "Coil Type"; Value = "Non-Latching"; VariantName = "[No Variations]"
Add component (AddParameter): Name = "Coil Voltage (DC)"; Value = "12V"; VariantName = "[No Variations]"
Add component (AddParameter): Name = "Contact Current Rating"; Value = "2A"; VariantName = "[No Variations]"
Add component (AddParameter): Name = "Contact Material"; Value = "Gold"; VariantName = "[No Variations]"
Add component (AddParameter): Name = "Current Rating"; Value = "2A"; VariantName = "[No Variations]"
Add component (AddParameter): Name = "Depth"; Value = "10.1mm"; VariantName = "[No Variations]"
Add component (AddParameter): Name = "Height"; Value = "11.5mm"; VariantName = "[No Variations]"
Add component (AddParameter): Name = "Lead Free"; Value = "Lead Free"; VariantName = "[No Variations]"
Add component (AddParameter): Name = "Length"; Value = "20.5mm"; VariantName = "[No Variations]"
Add component (AddParameter): Name = "Manufacturer Series"; Value = "G5V-2"; VariantName = "[No Variations]"
Add component (AddParameter): Name = "Max Current Rating"; Value = "2A"; VariantName = "[No Variations]"
Add component (AddParameter): Name = "Max Operating Temperature"; Value = "65°C"; VariantName = "[No Variations]"
Add component (AddParameter): Name = "Max Voltage Rating (AC)"; Value = "125V"; VariantName = "[No Variations]"
Add component (AddParameter): Name = "Max Voltage Rating (DC)"; Value = "125V"; VariantName = "[No Variations]"
Add component (AddParameter): Name = "Min Operating Temperature"; Value = "-25°C"; VariantName = "[No Variations]"
Add component (AddParameter): Name = "Mount"; Value = "Through Hole"; VariantName = "[No Variations]"
Add component (AddParameter): Name = "Number of Pins"; Value = "8"; VariantName = "[No Variations]"
Add component (AddParameter): Name = "Operate Time"; Value = "7ms"; VariantName = "[No Variations]"
Add component (AddParameter): Name = "Package Quantity"; Value = "25"; VariantName = "[No Variations]"
Add component (AddParameter): Name = "Packaging"; Value = "Rail/Tube"; VariantName = "[No Variations]"
Add component (AddParameter): Name = "Power Consumption"; Value = "500mW"; VariantName = "[No Variations]"
Add component (AddParameter): Name = "Power Rating"; Value = "500mW"; VariantName = "[No Variations]"
Add component (AddParameter): Name = "Radiation Hardening"; Value = "No"; VariantName = "[No Variations]"
Add component (AddParameter): Name = "Reference Standard"; Value = "UL"; VariantName = "[No Variations]"
Add component (AddParameter): Name = "Relay Action"; Value = "MOMENTARY"; VariantName = "[No Variations]"
Add component (AddParameter): Name = "Relay Function"; Value = "DPDT"; VariantName = "[No Variations]"
Add component (AddParameter): Name = "Relay Type"; Value = "General Purpose"; VariantName = "[No Variations]"
Add component (AddParameter): Name = "Release Time"; Value = "3ms"; VariantName = "[No Variations]"
Add component (AddParameter): Name = "Series"; Value = "G5V-2"; VariantName = "[No Variations]"
Add component (AddParameter): Name = "Termination"; Value = "PC Pin"; VariantName = "[No Variations]"
Add component (AddParameter): Name = "Throw Configuration"; Value = "DPDT"; VariantName = "[No Variations]"
Add component (AddParameter): Name = "Type"; Value = "Electromechanical"; VariantName = "[No Variations]"
Add component (AddParameter): Name = "Voltage Rating (AC)"; Value = "125V"; VariantName = "[No Variations]"
Add component (AddParameter): Name = "Voltage Rating (DC)"; Value = "125V"; VariantName = "[No Variations]"
Add component (AddParameter): Name = "Weight"; Value = "5g"; VariantName = "[No Variations]"
Add component (AddParameter): Name = "Width"; Value = "10.1mm"; VariantName = "[No Variations]"
Added Component: Designator=K1O(FP-G5V-2-DC12-MFG)
Add component (AddParameter): Name = "Approvals"; Value = "UL"; VariantName = "[No Variations]"
Add component (AddParameter): Name = "Case/Package"; Value = "DIP"; VariantName = "[No Variations]"
Add component (AddParameter): Name = "Coil Current"; Value = "41.7mA"; VariantName = "[No Variations]"
Add component (AddParameter): Name = "Coil Power"; Value = "500mW"; VariantName = "[No Variations]"
Add component (AddParameter): Name = "Coil Resistance"; Value = "288R"; VariantName = "[No Variations]"
Add component (AddParameter): Name = "Coil Type"; Value = "Non-Latching"; VariantName = "[No Variations]"
Add component (AddParameter): Name = "Coil Voltage (DC)"; Value = "12V"; VariantName = "[No Variations]"
Add component (AddParameter): Name = "Contact Current Rating"; Value = "2A"; VariantName = "[No Variations]"
Add component (AddParameter): Name = "Contact Material"; Value = "Gold"; VariantName = "[No Variations]"
Add component (AddParameter): Name = "Current Rating"; Value = "2A"; VariantName = "[No Variations]"
Add component (AddParameter): Name = "Depth"; Value = "10.1mm"; VariantName = "[No Variations]"
Add component (AddParameter): Name = "Height"; Value = "11.5mm"; VariantName = "[No Variations]"
Add component (AddParameter): Name = "Lead Free"; Value = "Lead Free"; VariantName = "[No Variations]"
Add component (AddParameter): Name = "Length"; Value = "20.5mm"; VariantName = "[No Variations]"
Add component (AddParameter): Name = "Manufacturer Series"; Value = "G5V-2"; VariantName = "[No Variations]"
Add component (AddParameter): Name = "Max Current Rating"; Value = "2A"; VariantName = "[No Variations]"
Add component (AddParameter): Name = "Max Operating Temperature"; Value = "65°C"; VariantName = "[No Variations]"
Add component (AddParameter): Name = "Max Voltage Rating (AC)"; Value = "125V"; VariantName = "[No Variations]"
Add component (AddParameter): Name = "Max Voltage Rating (DC)"; Value = "125V"; VariantName = "[No Variations]"
Add component (AddParameter): Name = "Min Operating Temperature"; Value = "-25°C"; VariantName = "[No Variations]"
Add component (AddParameter): Name = "Mount"; Value = "Through Hole"; VariantName = "[No Variations]"
Add component (AddParameter): Name = "Number of Pins"; Value = "8"; VariantName = "[No Variations]"
Add component (AddParameter): Name = "Operate Time"; Value = "7ms"; VariantName = "[No Variations]"
Add component (AddParameter): Name = "Package Quantity"; Value = "25"; VariantName = "[No Variations]"
Add component (AddParameter): Name = "Packaging"; Value = "Rail/Tube"; VariantName = "[No Variations]"
Add component (AddParameter): Name = "Power Consumption"; Value = "500mW"; VariantName = "[No Variations]"
Add component (AddParameter): Name = "Power Rating"; Value = "500mW"; VariantName = "[No Variations]"
Add component (AddParameter): Name = "Radiation Hardening"; Value = "No"; VariantName = "[No Variations]"
Add component (AddParameter): Name = "Reference Standard"; Value = "UL"; VariantName = "[No Variations]"
Add component (AddParameter): Name = "Relay Action"; Value = "MOMENTARY"; VariantName = "[No Variations]"
Add component (AddParameter): Name = "Relay Function"; Value = "DPDT"; VariantName = "[No Variations]"
Add component (AddParameter): Name = "Relay Type"; Value = "General Purpose"; VariantName = "[No Variations]"
Add component (AddParameter): Name = "Release Time"; Value = "3ms"; VariantName = "[No Variations]"
Add component (AddParameter): Name = "Series"; Value = "G5V-2"; VariantName = "[No Variations]"
Add component (AddParameter): Name = "Termination"; Value = "PC Pin"; VariantName = "[No Variations]"
Add component (AddParameter): Name = "Throw Configuration"; Value = "DPDT"; VariantName = "[No Variations]"
Add component (AddParameter): Name = "Type"; Value = "Electromechanical"; VariantName = "[No Variations]"
Add component (AddParameter): Name = "Voltage Rating (AC)"; Value = "125V"; VariantName = "[No Variations]"
Add component (AddParameter): Name = "Voltage Rating (DC)"; Value = "125V"; VariantName = "[No Variations]"
Add component (AddParameter): Name = "Weight"; Value = "5g"; VariantName = "[No Variations]"
Add component (AddParameter): Name = "Width"; Value = "10.1mm"; VariantName = "[No Variations]"
Added Component: Designator=R1A(Res_ThinFilm_0603)
Added Component: Designator=R1B(Res_ThinFilm_0603)
Added Component: Designator=R1C(Res_ThinFilm_0603)
Added Component: Designator=R1D(Res_ThinFilm_0603)
Added Component: Designator=R1E(Res_ThinFilm_0603)
Added Component: Designator=R1F(Res_ThinFilm_0603)
Added Component: Designator=R1G(Res_ThinFilm_0603)
Added Component: Designator=R1H(Res_ThinFilm_0603)
Added Component: Designator=R1I(Res_ThinFilm_0603)
Added Component: Designator=R1J(Res_ThinFilm_0603)
Added Component: Designator=R1K(Res_ThinFilm_0603)
Added Component: Designator=R1L(Res_ThinFilm_0603)
Added Component: Designator=R1M(Res_ThinFilm_0603)
Added Component: Designator=R1N(Res_ThinFilm_0603)
Added Component: Designator=R1O(Res_ThinFilm_0603)
Added Component: Designator=R2A(Res_ThinFilm_0603)
Added Component: Designator=R2B(Res_ThinFilm_0603)
Added Component: Designator=R2C(Res_ThinFilm_0603)
Added Component: Designator=R2D(Res_ThinFilm_0603)
Added Component: Designator=R2E(Res_ThinFilm_0603)
Added Component: Designator=R2F(Res_ThinFilm_0603)
Added Component: Designator=R2G(Res_ThinFilm_0603)
Added Component: Designator=R2H(Res_ThinFilm_0603)
Added Component: Designator=R2I(Res_ThinFilm_0603)
Added Component: Designator=R2J(Res_ThinFilm_0603)
Added Component: Designator=R2K(Res_ThinFilm_0603)
Added Component: Designator=R2L(Res_ThinFilm_0603)
Added Component: Designator=R2M(Res_ThinFilm_0603)
Added Component: Designator=R2N(Res_ThinFilm_0603)
Added Component: Designator=R2O(Res_ThinFilm_0603)
Added Component: Designator=R3(Res_ThinFilm_0603)
Added Pin To Net: NetName=GND Pin=DS3-2
Added Pin To Net: NetName=GND Pin=J5-2
Added Pin To Net: NetName=12V Pin=J6-1
Added Pin To Net: NetName=12V Pin=J6-3
Added Pin To Net: NetName=12V Pin=J6-5
Added Pin To Net: NetName=GND Pin=K1M-1
Added Pin To Net: NetName=GND Pin=K1N-1
Added Pin To Net: NetName=GND Pin=K1O-1
Added Pin To Net: NetName=SEG3_INA Pin=R1A-2
Added Pin To Net: NetName=SEG1INA Pin=R1B-2
Added Pin To Net: NetName=SEG2_INA Pin=R1C-2
Added Pin To Net: NetName=SEG6_INA Pin=R1D-2
Added Pin To Net: NetName=SEG4_INA Pin=R1E-2
Added Pin To Net: NetName=SEG5_INA Pin=R1F-2
Added Pin To Net: NetName=SEG3_INB Pin=R1G-2
Added Pin To Net: NetName=SEG1INB Pin=R1H-2
Added Pin To Net: NetName=SEG2_INB Pin=R1I-2
Added Pin To Net: NetName=SEG6_INB Pin=R1J-2
Added Pin To Net: NetName=SEG4_INB Pin=R1K-2
Added Pin To Net: NetName=SEG5_INB Pin=R1L-2
Added Pin To Net: NetName=DET_OUT_3A Pin=R2A-2
Added Pin To Net: NetName=DET_OUT_1A Pin=R2B-2
Added Pin To Net: NetName=DET_OUT_2A Pin=R2C-2
Added Pin To Net: NetName=DET_OUT_3B Pin=R2D-2
Added Pin To Net: NetName=DET_OUT_1B Pin=R2E-2
Added Pin To Net: NetName=DET_OUT_2B Pin=R2F-2
Added Pin To Net: NetName=DET_OUT_3C Pin=R2G-2
Added Pin To Net: NetName=DET_OUT_1C Pin=R2H-2
Added Pin To Net: NetName=DET_OUT_2C Pin=R2I-2
Added Pin To Net: NetName=DET_OUT_3D Pin=R2J-2
Added Pin To Net: NetName=DET_OUT_1D Pin=R2K-2
Added Pin To Net: NetName=DET_OUT_2D Pin=R2L-2
Added Pin To Net: NetName=12V Pin=R3-2
Added Pin To Net: NetName=DET_IN_1E Pin=J3E-7
Added Pin To Net: NetName=DET_IN_1E Pin=K1N-4
Added Net: Name=DET_IN_1E
Added Pin To Net: NetName=DET_IN_2E Pin=J3E-9
Added Pin To Net: NetName=DET_IN_2E Pin=K1O-4
Added Net: Name=DET_IN_2E
Added Pin To Net: NetName=DET_IN_3E Pin=J3E-11
Added Pin To Net: NetName=DET_IN_3E Pin=K1M-4
Added Net: Name=DET_IN_3E
Added Pin To Net: NetName=DET_OUT_1E Pin=J3E-8
Added Pin To Net: NetName=DET_OUT_1E Pin=K1N-8
Added Pin To Net: NetName=DET_OUT_1E Pin=R2N-2
Added Net: Name=DET_OUT_1E
Added Pin To Net: NetName=DET_OUT_2E Pin=J3E-10
Added Pin To Net: NetName=DET_OUT_2E Pin=K1O-8
Added Pin To Net: NetName=DET_OUT_2E Pin=R2O-2
Added Net: Name=DET_OUT_2E
Added Pin To Net: NetName=DET_OUT_3E Pin=J3E-12
Added Pin To Net: NetName=DET_OUT_3E Pin=K1M-8
Added Pin To Net: NetName=DET_OUT_3E Pin=R2M-2
Added Net: Name=DET_OUT_3E
Added Pin To Net: NetName=LED GND Pin=DS1A-2
Added Pin To Net: NetName=LED GND Pin=DS1B-2
Added Pin To Net: NetName=LED GND Pin=DS1C-2
Added Pin To Net: NetName=LED GND Pin=DS1D-2
Added Pin To Net: NetName=LED GND Pin=DS1E-2
Added Pin To Net: NetName=LED GND Pin=DS1F-2
Added Pin To Net: NetName=LED GND Pin=DS1G-2
Added Pin To Net: NetName=LED GND Pin=DS1H-2
Added Pin To Net: NetName=LED GND Pin=DS1I-2
Added Pin To Net: NetName=LED GND Pin=DS1J-2
Added Pin To Net: NetName=LED GND Pin=DS1K-2
Added Pin To Net: NetName=LED GND Pin=DS1L-2
Added Pin To Net: NetName=LED GND Pin=DS1M-2
Added Pin To Net: NetName=LED GND Pin=DS1N-2
Added Pin To Net: NetName=LED GND Pin=DS1O-2
Added Pin To Net: NetName=LED GND Pin=DS2A-2
Added Pin To Net: NetName=LED GND Pin=DS2B-2
Added Pin To Net: NetName=LED GND Pin=DS2C-2
Added Pin To Net: NetName=LED GND Pin=DS2D-2
Added Pin To Net: NetName=LED GND Pin=DS2E-2
Added Pin To Net: NetName=LED GND Pin=DS2F-2
Added Pin To Net: NetName=LED GND Pin=DS2G-2
Added Pin To Net: NetName=LED GND Pin=DS2H-2
Added Pin To Net: NetName=LED GND Pin=DS2I-2
Added Pin To Net: NetName=LED GND Pin=DS2J-2
Added Pin To Net: NetName=LED GND Pin=DS2K-2
Added Pin To Net: NetName=LED GND Pin=DS2L-2
Added Pin To Net: NetName=LED GND Pin=DS2M-2
Added Pin To Net: NetName=LED GND Pin=DS2N-2
Added Pin To Net: NetName=LED GND Pin=DS2O-2
Added Pin To Net: NetName=LED GND Pin=J5-1
Added Net: Name=LED GND
Added Pin To Net: NetName=NetDS1A_1 Pin=DS1A-1
Added Pin To Net: NetName=NetDS1A_1 Pin=R1A-1
Added Net: Name=NetDS1A_1
Added Pin To Net: NetName=NetDS1B_1 Pin=DS1B-1
Added Pin To Net: NetName=NetDS1B_1 Pin=R1B-1
Added Net: Name=NetDS1B_1
Added Pin To Net: NetName=NetDS1C_1 Pin=DS1C-1
Added Pin To Net: NetName=NetDS1C_1 Pin=R1C-1
Added Net: Name=NetDS1C_1
Added Pin To Net: NetName=NetDS1D_1 Pin=DS1D-1
Added Pin To Net: NetName=NetDS1D_1 Pin=R1D-1
Added Net: Name=NetDS1D_1
Added Pin To Net: NetName=NetDS1E_1 Pin=DS1E-1
Added Pin To Net: NetName=NetDS1E_1 Pin=R1E-1
Added Net: Name=NetDS1E_1
Added Pin To Net: NetName=NetDS1F_1 Pin=DS1F-1
Added Pin To Net: NetName=NetDS1F_1 Pin=R1F-1
Added Net: Name=NetDS1F_1
Added Pin To Net: NetName=NetDS1G_1 Pin=DS1G-1
Added Pin To Net: NetName=NetDS1G_1 Pin=R1G-1
Added Net: Name=NetDS1G_1
Added Pin To Net: NetName=NetDS1H_1 Pin=DS1H-1
Added Pin To Net: NetName=NetDS1H_1 Pin=R1H-1
Added Net: Name=NetDS1H_1
Added Pin To Net: NetName=NetDS1I_1 Pin=DS1I-1
Added Pin To Net: NetName=NetDS1I_1 Pin=R1I-1
Added Net: Name=NetDS1I_1
Added Pin To Net: NetName=NetDS1J_1 Pin=DS1J-1
Added Pin To Net: NetName=NetDS1J_1 Pin=R1J-1
Added Net: Name=NetDS1J_1
Added Pin To Net: NetName=NetDS1K_1 Pin=DS1K-1
Added Pin To Net: NetName=NetDS1K_1 Pin=R1K-1
Added Net: Name=NetDS1K_1
Added Pin To Net: NetName=NetDS1L_1 Pin=DS1L-1
Added Pin To Net: NetName=NetDS1L_1 Pin=R1L-1
Added Net: Name=NetDS1L_1
Added Pin To Net: NetName=NetDS1M_1 Pin=DS1M-1
Added Pin To Net: NetName=NetDS1M_1 Pin=R1M-1
Added Net: Name=NetDS1M_1
Added Pin To Net: NetName=NetDS1N_1 Pin=DS1N-1
Added Pin To Net: NetName=NetDS1N_1 Pin=R1N-1
Added Net: Name=NetDS1N_1
Added Pin To Net: NetName=NetDS1O_1 Pin=DS1O-1
Added Pin To Net: NetName=NetDS1O_1 Pin=R1O-1
Added Net: Name=NetDS1O_1
Added Pin To Net: NetName=NetDS2A_1 Pin=DS2A-1
Added Pin To Net: NetName=NetDS2A_1 Pin=R2A-1
Added Net: Name=NetDS2A_1
Added Pin To Net: NetName=NetDS2B_1 Pin=DS2B-1
Added Pin To Net: NetName=NetDS2B_1 Pin=R2B-1
Added Net: Name=NetDS2B_1
Added Pin To Net: NetName=NetDS2C_1 Pin=DS2C-1
Added Pin To Net: NetName=NetDS2C_1 Pin=R2C-1
Added Net: Name=NetDS2C_1
Added Pin To Net: NetName=NetDS2D_1 Pin=DS2D-1
Added Pin To Net: NetName=NetDS2D_1 Pin=R2D-1
Added Net: Name=NetDS2D_1
Added Pin To Net: NetName=NetDS2E_1 Pin=DS2E-1
Added Pin To Net: NetName=NetDS2E_1 Pin=R2E-1
Added Net: Name=NetDS2E_1
Added Pin To Net: NetName=NetDS2F_1 Pin=DS2F-1
Added Pin To Net: NetName=NetDS2F_1 Pin=R2F-1
Added Net: Name=NetDS2F_1
Added Pin To Net: NetName=NetDS2G_1 Pin=DS2G-1
Added Pin To Net: NetName=NetDS2G_1 Pin=R2G-1
Added Net: Name=NetDS2G_1
Added Pin To Net: NetName=NetDS2H_1 Pin=DS2H-1
Added Pin To Net: NetName=NetDS2H_1 Pin=R2H-1
Added Net: Name=NetDS2H_1
Added Pin To Net: NetName=NetDS2I_1 Pin=DS2I-1
Added Pin To Net: NetName=NetDS2I_1 Pin=R2I-1
Added Net: Name=NetDS2I_1
Added Pin To Net: NetName=NetDS2J_1 Pin=DS2J-1
Added Pin To Net: NetName=NetDS2J_1 Pin=R2J-1
Added Net: Name=NetDS2J_1
Added Pin To Net: NetName=NetDS2K_1 Pin=DS2K-1
Added Pin To Net: NetName=NetDS2K_1 Pin=R2K-1
Added Net: Name=NetDS2K_1
Added Pin To Net: NetName=NetDS2L_1 Pin=DS2L-1
Added Pin To Net: NetName=NetDS2L_1 Pin=R2L-1
Added Net: Name=NetDS2L_1
Added Pin To Net: NetName=NetDS2M_1 Pin=DS2M-1
Added Pin To Net: NetName=NetDS2M_1 Pin=R2M-1
Added Net: Name=NetDS2M_1
Added Pin To Net: NetName=NetDS2N_1 Pin=DS2N-1
Added Pin To Net: NetName=NetDS2N_1 Pin=R2N-1
Added Net: Name=NetDS2N_1
Added Pin To Net: NetName=NetDS2O_1 Pin=DS2O-1
Added Pin To Net: NetName=NetDS2O_1 Pin=R2O-1
Added Net: Name=NetDS2O_1
Added Pin To Net: NetName=NetDS3_1 Pin=DS3-1
Added Pin To Net: NetName=NetDS3_1 Pin=R3-1
Added Net: Name=NetDS3_1
Added Pin To Net: NetName=SEG1IN Pin=J6-2
Added Pin To Net: NetName=SEG1IN Pin=K1N-16
Added Pin To Net: NetName=SEG1IN Pin=R1N-2
Added Net: Name=SEG1IN
Added Pin To Net: NetName=SEG2_IN Pin=J6-4
Added Pin To Net: NetName=SEG2_IN Pin=K1O-16
Added Pin To Net: NetName=SEG2_IN Pin=R1O-2
Added Net: Name=SEG2_IN
Added Pin To Net: NetName=SEG3_IN Pin=J6-6
Added Pin To Net: NetName=SEG3_IN Pin=K1M-16
Added Pin To Net: NetName=SEG3_IN Pin=R1M-2
Added Net: Name=SEG3_IN
Added Pin To Net: NetName=SHDN_IN_1E Pin=J3E-1
Added Pin To Net: NetName=SHDN_IN_1E Pin=K1N-9
Added Net: Name=SHDN_IN_1E
Added Pin To Net: NetName=SHDN_IN_2E Pin=J3E-3
Added Pin To Net: NetName=SHDN_IN_2E Pin=K1O-9
Added Net: Name=SHDN_IN_2E
Added Pin To Net: NetName=SHDN_IN_3E Pin=J3E-5
Added Pin To Net: NetName=SHDN_IN_3E Pin=K1M-9
Added Net: Name=SHDN_IN_3E
Added Pin To Net: NetName=SHDN_OUT_1E Pin=J3E-2
Added Pin To Net: NetName=SHDN_OUT_1E Pin=K1N-13
Added Net: Name=SHDN_OUT_1E
Added Pin To Net: NetName=SHDN_OUT_2E Pin=J3E-4
Added Pin To Net: NetName=SHDN_OUT_2E Pin=K1O-13
Added Net: Name=SHDN_OUT_2E
Added Pin To Net: NetName=SHDN_OUT_3E Pin=J3E-6
Added Pin To Net: NetName=SHDN_OUT_3E Pin=K1M-13
Added Net: Name=SHDN_OUT_3E
Added Class: Name=C
Added Class: Name=DPDT_Relay_19
Added Class: Name=DPDT_Relay_25
Added Class: Name=DPDT_Relay_110
Added Member To Class: ClassName=DPDT_Relay_11 Member=Component DS1A (DS1) LED Red 0603
Added Member To Class: ClassName=DPDT_Relay_12 Member=Component DS1B (DS1) LED Red 0603
Added Member To Class: ClassName=DPDT_Relay_21 Member=Component DS1C (DS1) LED Red 0603
Added Member To Class: ClassName=DPDT_Relay_13 Member=Component DS1D (DS1) LED Red 0603
Added Member To Class: ClassName=DPDT_Relay_14 Member=Component DS1E (DS1) LED Red 0603
Added Member To Class: ClassName=DPDT_Relay_22 Member=Component DS1F (DS1) LED Red 0603
Added Member To Class: ClassName=DPDT_Relay_15 Member=Component DS1G (DS1) LED Red 0603
Added Member To Class: ClassName=DPDT_Relay_16 Member=Component DS1H (DS1) LED Red 0603
Added Member To Class: ClassName=DPDT_Relay_23 Member=Component DS1I (DS1) LED Red 0603
Added Member To Class: ClassName=DPDT_Relay_17 Member=Component DS1J (DS1) LED Red 0603
Added Member To Class: ClassName=DPDT_Relay_18 Member=Component DS1K (DS1) LED Red 0603
Added Member To Class: ClassName=DPDT_Relay_24 Member=Component DS1L (DS1) LED Red 0603
Added Member To Class: ClassName=DPDT_Relay_11 Member=Component DS2A (DS2) LED Red 0603
Added Member To Class: ClassName=DPDT_Relay_12 Member=Component DS2B (DS2) LED Red 0603
Added Member To Class: ClassName=DPDT_Relay_21 Member=Component DS2C (DS2) LED Red 0603
Added Member To Class: ClassName=DPDT_Relay_13 Member=Component DS2D (DS2) LED Red 0603
Added Member To Class: ClassName=DPDT_Relay_14 Member=Component DS2E (DS2) LED Red 0603
Added Member To Class: ClassName=DPDT_Relay_22 Member=Component DS2F (DS2) LED Red 0603
Added Member To Class: ClassName=DPDT_Relay_15 Member=Component DS2G (DS2) LED Red 0603
Added Member To Class: ClassName=DPDT_Relay_16 Member=Component DS2H (DS2) LED Red 0603
Added Member To Class: ClassName=DPDT_Relay_23 Member=Component DS2I (DS2) LED Red 0603
Added Member To Class: ClassName=DPDT_Relay_17 Member=Component DS2J (DS2) LED Red 0603
Added Member To Class: ClassName=DPDT_Relay_18 Member=Component DS2K (DS2) LED Red 0603
Added Member To Class: ClassName=DPDT_Relay_24 Member=Component DS2L (DS2) LED Red 0603
Added Member To Class: ClassName=ShutdownDPDT-S01-V00 Member=Component DS3 LED Green 0603
Added Member To Class: ClassName=B2 Member=Component J3D (J3) MX120G
Added Member To Class: ClassName=ShutdownDPDT-S01-V00 Member=Component J5 Jumper 2Way Pins
Added Member To Class: ClassName=ShutdownDPDT-S01-V00 Member=Component J6 MX120G
Added Member To Class: ClassName=DPDT_Relay_11 Member=Component R1A (R1) 1k 5% 0603
Added Member To Class: ClassName=DPDT_Relay_12 Member=Component R1B (R1) 1k 5% 0603
Added Member To Class: ClassName=DPDT_Relay_21 Member=Component R1C (R1) 1k 5% 0603
Added Member To Class: ClassName=DPDT_Relay_13 Member=Component R1D (R1) 1k 5% 0603
Added Member To Class: ClassName=DPDT_Relay_14 Member=Component R1E (R1) 1k 5% 0603
Added Member To Class: ClassName=DPDT_Relay_22 Member=Component R1F (R1) 1k 5% 0603
Added Member To Class: ClassName=DPDT_Relay_15 Member=Component R1G (R1) 1k 5% 0603
Added Member To Class: ClassName=DPDT_Relay_16 Member=Component R1H (R1) 1k 5% 0603
Added Member To Class: ClassName=DPDT_Relay_23 Member=Component R1I (R1) 1k 5% 0603
Added Member To Class: ClassName=DPDT_Relay_17 Member=Component R1J (R1) 1k 5% 0603
Added Member To Class: ClassName=DPDT_Relay_18 Member=Component R1K (R1) 1k 5% 0603
Added Member To Class: ClassName=DPDT_Relay_24 Member=Component R1L (R1) 1k 5% 0603
Added Member To Class: ClassName=DPDT_Relay_11 Member=Component R2A (R2) 1k 5% 0603
Added Member To Class: ClassName=DPDT_Relay_12 Member=Component R2B (R2) 1k 5% 0603
Added Member To Class: ClassName=DPDT_Relay_21 Member=Component R2C (R2) 1k 5% 0603
Added Member To Class: ClassName=DPDT_Relay_13 Member=Component R2D (R2) 1k 5% 0603
Added Member To Class: ClassName=DPDT_Relay_14 Member=Component R2E (R2) 1k 5% 0603
Added Member To Class: ClassName=DPDT_Relay_22 Member=Component R2F (R2) 1k 5% 0603
Added Member To Class: ClassName=DPDT_Relay_15 Member=Component R2G (R2) 1k 5% 0603
Added Member To Class: ClassName=DPDT_Relay_16 Member=Component R2H (R2) 1k 5% 0603
Added Member To Class: ClassName=DPDT_Relay_23 Member=Component R2I (R2) 1k 5% 0603
Added Member To Class: ClassName=DPDT_Relay_17 Member=Component R2J (R2) 1k 5% 0603
Added Member To Class: ClassName=DPDT_Relay_18 Member=Component R2K (R2) 1k 5% 0603
Added Member To Class: ClassName=DPDT_Relay_24 Member=Component R2L (R2) 1k 5% 0603
Added Member To Class: ClassName=ShutdownDPDT-S01-V00 Member=Component R3 10k 1% 0603
Added Room: Name=C
Added Room: Name=DPDT_Relay_19
Added Room: Name=DPDT_Relay_25
Added Room: Name=DPDT_Relay_110
