Removed Pin From Net: NetName=SHDN_OUT_1A Pin=J3A-1
Removed Pin From Net: NetName=SHDN_IN_1A Pin=J3A-2
Removed Pin From Net: NetName=SHDN_OUT_1B Pin=J3B-1
Removed Pin From Net: NetName=SHDN_IN_1B Pin=J3B-2
Removed Pin From Net: NetName=SHDN_OUT_1C Pin=J3C-1
Removed Pin From Net: NetName=SHDN_IN_1C Pin=J3C-2
Removed Pin From Net: NetName=SHDN_OUT_1D Pin=J3D-1
Removed Pin From Net: NetName=SHDN_IN_1D Pin=J3D-2
Removed Pin From Net: NetName=SHDN_OUT_1E Pin=J3E-1
Removed Pin From Net: NetName=SHDN_IN_1E Pin=J3E-2
Added Pin To Net: NetName=DET_OUT_1A Pin=J3A-1
Added Pin To Net: NetName=DET_IN_1A Pin=J3A-2
Added Pin To Net: NetName=DET_OUT_1B Pin=J3B-1
Added Pin To Net: NetName=DET_IN_1B Pin=J3B-2
Added Pin To Net: NetName=DET_OUT_1C Pin=J3C-1
Added Pin To Net: NetName=DET_IN_1C Pin=J3C-2
Added Pin To Net: NetName=DET_OUT_1D Pin=J3D-1
Added Pin To Net: NetName=DET_IN_1D Pin=J3D-2
Added Pin To Net: NetName=DET_OUT_1E Pin=J3E-1
Added Pin To Net: NetName=DET_IN_1E Pin=J3E-2
