Removed Pin From Net: NetName=DET_OUT_3A Pin=J3A-1
Removed Pin From Net: NetName=DET_IN_3A Pin=J3A-2
Removed Pin From Net: NetName=DET_OUT_1A Pin=J3A-5
Removed Pin From Net: NetName=DET_IN_1A Pin=J3A-6
Removed Pin From Net: NetName=SHDN_OUT_3A Pin=J3A-7
Removed Pin From Net: NetName=SHDN_IN_3A Pin=J3A-8
Removed Pin From Net: NetName=SHDN_OUT_1A Pin=J3A-11
Removed Pin From Net: NetName=SHDN_IN_1A Pin=J3A-12
Removed Pin From Net: NetName=DET_OUT_3B Pin=J3B-1
Removed Pin From Net: NetName=DET_IN_3B Pin=J3B-2
Removed Pin From Net: NetName=DET_OUT_1B Pin=J3B-5
Removed Pin From Net: NetName=DET_IN_1B Pin=J3B-6
Removed Pin From Net: NetName=SHDN_OUT_3B Pin=J3B-7
Removed Pin From Net: NetName=SHDN_IN_3B Pin=J3B-8
Removed Pin From Net: NetName=SHDN_OUT_1B Pin=J3B-11
Removed Pin From Net: NetName=SHDN_IN_1B Pin=J3B-12
Removed Pin From Net: NetName=DET_OUT_3C Pin=J3C-1
Removed Pin From Net: NetName=DET_IN_3C Pin=J3C-2
Removed Pin From Net: NetName=DET_OUT_1C Pin=J3C-5
Removed Pin From Net: NetName=DET_IN_1C Pin=J3C-6
Removed Pin From Net: NetName=SHDN_OUT_3C Pin=J3C-7
Removed Pin From Net: NetName=SHDN_IN_3C Pin=J3C-8
Removed Pin From Net: NetName=SHDN_OUT_1C Pin=J3C-11
Removed Pin From Net: NetName=SHDN_IN_1C Pin=J3C-12
Removed Pin From Net: NetName=DET_OUT_3D Pin=J3D-1
Removed Pin From Net: NetName=DET_IN_3D Pin=J3D-2
Removed Pin From Net: NetName=DET_OUT_1D Pin=J3D-5
Removed Pin From Net: NetName=DET_IN_1D Pin=J3D-6
Removed Pin From Net: NetName=SHDN_OUT_3D Pin=J3D-7
Removed Pin From Net: NetName=SHDN_IN_3D Pin=J3D-8
Removed Pin From Net: NetName=SHDN_OUT_1D Pin=J3D-11
Removed Pin From Net: NetName=SHDN_IN_1D Pin=J3D-12
Removed Pin From Net: NetName=DET_OUT_3E Pin=J3E-1
Removed Pin From Net: NetName=DET_IN_3E Pin=J3E-2
Removed Pin From Net: NetName=DET_OUT_1E Pin=J3E-5
Removed Pin From Net: NetName=DET_IN_1E Pin=J3E-6
Removed Pin From Net: NetName=SHDN_OUT_3E Pin=J3E-7
Removed Pin From Net: NetName=SHDN_IN_3E Pin=J3E-8
Removed Pin From Net: NetName=SHDN_OUT_1E Pin=J3E-11
Removed Pin From Net: NetName=SHDN_IN_1E Pin=J3E-12
Removed Member From Class: ClassName=ShutdownDPDT-S01-V00 Member=DS1L
Removed Member From Class: ClassName=ShutdownDPDT-S01-V00 Member=J3A
Removed Member From Class: ClassName=ShutdownDPDT-S01-V00 Member=J3D
Removed Member From Class: ClassName=ShutdownDPDT-S01-V00 Member=J4B
Removed Member From Class: ClassName=ShutdownDPDT-S01-V00 Member=R2L
Added Pin To Net: NetName=SHDN_OUT_1A Pin=J3A-1
Added Pin To Net: NetName=SHDN_IN_1A Pin=J3A-2
Added Pin To Net: NetName=DET_OUT_3A Pin=J3A-5
Added Pin To Net: NetName=DET_IN_3A Pin=J3A-6
Added Pin To Net: NetName=SHDN_OUT_1A Pin=J3A-7
Added Pin To Net: NetName=SHDN_IN_1A Pin=J3A-8
Added Pin To Net: NetName=SHDN_OUT_3A Pin=J3A-11
Added Pin To Net: NetName=SHDN_IN_3A Pin=J3A-12
Added Pin To Net: NetName=SHDN_OUT_1B Pin=J3B-1
Added Pin To Net: NetName=SHDN_IN_1B Pin=J3B-2
Added Pin To Net: NetName=DET_OUT_3B Pin=J3B-5
Added Pin To Net: NetName=DET_IN_3B Pin=J3B-6
Added Pin To Net: NetName=SHDN_OUT_1B Pin=J3B-7
Added Pin To Net: NetName=SHDN_IN_1B Pin=J3B-8
Added Pin To Net: NetName=SHDN_OUT_3B Pin=J3B-11
Added Pin To Net: NetName=SHDN_IN_3B Pin=J3B-12
Added Pin To Net: NetName=SHDN_OUT_1C Pin=J3C-1
Added Pin To Net: NetName=SHDN_IN_1C Pin=J3C-2
Added Pin To Net: NetName=DET_OUT_3C Pin=J3C-5
Added Pin To Net: NetName=DET_IN_3C Pin=J3C-6
Added Pin To Net: NetName=SHDN_OUT_1C Pin=J3C-7
Added Pin To Net: NetName=SHDN_IN_1C Pin=J3C-8
Added Pin To Net: NetName=SHDN_OUT_3C Pin=J3C-11
Added Pin To Net: NetName=SHDN_IN_3C Pin=J3C-12
Added Pin To Net: NetName=SHDN_OUT_1D Pin=J3D-1
Added Pin To Net: NetName=SHDN_IN_1D Pin=J3D-2
Added Pin To Net: NetName=DET_OUT_3D Pin=J3D-5
Added Pin To Net: NetName=DET_IN_3D Pin=J3D-6
Added Pin To Net: NetName=SHDN_OUT_1D Pin=J3D-7
Added Pin To Net: NetName=SHDN_IN_1D Pin=J3D-8
Added Pin To Net: NetName=SHDN_OUT_3D Pin=J3D-11
Added Pin To Net: NetName=SHDN_IN_3D Pin=J3D-12
Added Pin To Net: NetName=SHDN_OUT_1E Pin=J3E-1
Added Pin To Net: NetName=SHDN_IN_1E Pin=J3E-2
Added Pin To Net: NetName=DET_OUT_3E Pin=J3E-5
Added Pin To Net: NetName=DET_IN_3E Pin=J3E-6
Added Pin To Net: NetName=SHDN_OUT_1E Pin=J3E-7
Added Pin To Net: NetName=SHDN_IN_1E Pin=J3E-8
Added Pin To Net: NetName=SHDN_OUT_3E Pin=J3E-11
Added Pin To Net: NetName=SHDN_IN_3E Pin=J3E-12
Added Member To Class: ClassName=ShutdownDPDT-S01-V00 Member=Component DS3 LED Green 0603
Added Member To Class: ClassName=ShutdownDPDT-S01-V00 Member=Component J2 MX120G
Added Member To Class: ClassName=ShutdownDPDT-S01-V00 Member=Component J5 Jumper 2Way Pins
Added Member To Class: ClassName=ShutdownDPDT-S01-V00 Member=Component J6 MX120G
Added Member To Class: ClassName=ShutdownDPDT-S01-V00 Member=Component R3 10k 1% 0603
