Removed Pin From Net: NetName=SEG2_INB Pin=J2-4
Removed Pin From Net: NetName=SEG3_INB Pin=J2-6
Removed Pin From Net: NetName=SEG4_INB Pin=J2-8
Removed Pin From Net: NetName=SEG5_INB Pin=J2-10
Removed Pin From Net: NetName=SEG6_INB Pin=J2-12
Removed Pin From Net: NetName=SEG2_INA Pin=J7-4
Removed Pin From Net: NetName=SEG3_INA Pin=J7-6
Removed Pin From Net: NetName=SEG4_INA Pin=J7-8
Removed Pin From Net: NetName=SEG5_INA Pin=J7-10
Removed Pin From Net: NetName=SEG6_INA Pin=J7-12
Removed Member From Class: ClassName=B2 Member=J5
Removed Member From Class: ClassName=A1 Member=J9
Removed Member From Class: ClassName=DPDT_Relay_24 Member=R31
Change Component Designator: OldDesignator=DS1 NewDesignator=DS1K
Change Component Designator: OldDesignator=DS2 NewDesignator=DS2K
Change Component Designator: OldDesignator=DS3 NewDesignator=DS1L
Change Component Designator: OldDesignator=DS4 NewDesignator=DS2L
Change Component Designator: OldDesignator=DS5 NewDesignator=DS1J
Change Component Designator: OldDesignator=DS6 NewDesignator=DS2J
Change Component Designator: OldDesignator=DS7 NewDesignator=DS1H
Change Component Designator: OldDesignator=DS8 NewDesignator=DS2H
Change Component Designator: OldDesignator=DS9 NewDesignator=DS1I
Change Component Designator: OldDesignator=DS10 NewDesignator=DS2I
Change Component Designator: OldDesignator=DS11 NewDesignator=DS1G
Change Component Designator: OldDesignator=DS12 NewDesignator=DS2G
Change Component Designator: OldDesignator=DS13 NewDesignator=DS1B
Change Component Designator: OldDesignator=DS14 NewDesignator=DS2B
Change Component Designator: OldDesignator=DS15 NewDesignator=DS1C
Change Component Designator: OldDesignator=DS16 NewDesignator=DS2C
Change Component Designator: OldDesignator=DS17 NewDesignator=DS1A
Change Component Designator: OldDesignator=DS18 NewDesignator=DS2A
Change Component Designator: OldDesignator=DS19 NewDesignator=DS1E
Change Component Designator: OldDesignator=DS20 NewDesignator=DS2E
Change Component Designator: OldDesignator=DS21 NewDesignator=DS1F
Change Component Designator: OldDesignator=DS22 NewDesignator=DS2F
Change Component Designator: OldDesignator=DS23 NewDesignator=DS1D
Change Component Designator: OldDesignator=DS24 NewDesignator=DS2D
Change Component Designator: OldDesignator=DS25 NewDesignator=DS1N
Change Component Designator: OldDesignator=DS26 NewDesignator=DS2N
Change Component Designator: OldDesignator=DS27 NewDesignator=DS1O
Change Component Designator: OldDesignator=DS28 NewDesignator=DS2O
Change Component Designator: OldDesignator=DS29 NewDesignator=DS1M
Change Component Designator: OldDesignator=DS30 NewDesignator=DS2M
Change Component Designator: OldDesignator=DS31 NewDesignator=DS3
Change Component Designator: OldDesignator=J1 NewDesignator=J3D
Change Component Designator: OldDesignator=J2 NewDesignator=J4B
Change Component Designator: OldDesignator=J3 NewDesignator=J2
Change Component Designator: OldDesignator=J4 NewDesignator=J3C
Change Component Designator: OldDesignator=J5 NewDesignator=J1
Change Component Designator: OldDesignator=J6 NewDesignator=J3A
Change Component Designator: OldDesignator=J7 NewDesignator=J4A
Change Component Designator: OldDesignator=J8 NewDesignator=J3B
Change Component Designator: OldDesignator=J9 NewDesignator=J6
Change Component Designator: OldDesignator=J10 NewDesignator=J3E
Change Component Designator: OldDesignator=J11 NewDesignator=J5
Change Component Designator: OldDesignator=K1 NewDesignator=K1K
Change Component Designator: OldDesignator=K2 NewDesignator=K1L
Change Component Designator: OldDesignator=K3 NewDesignator=K1J
Change Component Designator: OldDesignator=K4 NewDesignator=K1H
Change Component Designator: OldDesignator=K5 NewDesignator=K1I
Change Component Designator: OldDesignator=K6 NewDesignator=K1G
Change Component Designator: OldDesignator=K7 NewDesignator=K1B
Change Component Designator: OldDesignator=K8 NewDesignator=K1C
Change Component Designator: OldDesignator=K9 NewDesignator=K1A
Change Component Designator: OldDesignator=K10 NewDesignator=K1E
Change Component Designator: OldDesignator=K11 NewDesignator=K1F
Change Component Designator: OldDesignator=K12 NewDesignator=K1D
Change Component Designator: OldDesignator=K13 NewDesignator=K1N
Change Component Designator: OldDesignator=K14 NewDesignator=K1O
Change Component Designator: OldDesignator=K15 NewDesignator=K1M
Change Component Designator: OldDesignator=R1 NewDesignator=R2K
Change Component Designator: OldDesignator=R2 NewDesignator=R1K
Change Component Designator: OldDesignator=R3 NewDesignator=R2L
Change Component Designator: OldDesignator=R4 NewDesignator=R1L
Change Component Designator: OldDesignator=R5 NewDesignator=R2J
Change Component Designator: OldDesignator=R6 NewDesignator=R1J
Change Component Designator: OldDesignator=R7 NewDesignator=R2H
Change Component Designator: OldDesignator=R8 NewDesignator=R1H
Change Component Designator: OldDesignator=R9 NewDesignator=R2I
Change Component Designator: OldDesignator=R10 NewDesignator=R1I
Change Component Designator: OldDesignator=R11 NewDesignator=R2G
Change Component Designator: OldDesignator=R12 NewDesignator=R1G
Change Component Designator: OldDesignator=R13 NewDesignator=R2B
Change Component Designator: OldDesignator=R14 NewDesignator=R1B
Change Component Designator: OldDesignator=R15 NewDesignator=R2C
Change Component Designator: OldDesignator=R16 NewDesignator=R1C
Change Component Designator: OldDesignator=R17 NewDesignator=R2A
Change Component Designator: OldDesignator=R18 NewDesignator=R1A
Change Component Designator: OldDesignator=R19 NewDesignator=R2E
Change Component Designator: OldDesignator=R20 NewDesignator=R1E
Change Component Designator: OldDesignator=R21 NewDesignator=R2F
Change Component Designator: OldDesignator=R22 NewDesignator=R1F
Change Component Designator: OldDesignator=R23 NewDesignator=R2D
Change Component Designator: OldDesignator=R24 NewDesignator=R1D
Change Component Designator: OldDesignator=R25 NewDesignator=R2N
Change Component Designator: OldDesignator=R26 NewDesignator=R1N
Change Component Designator: OldDesignator=R27 NewDesignator=R2O
Change Component Designator: OldDesignator=R28 NewDesignator=R1O
Change Component Designator: OldDesignator=R29 NewDesignator=R2M
Change Component Designator: OldDesignator=R30 NewDesignator=R1M
Change Component Designator: OldDesignator=R31 NewDesignator=R3
Added Pin To Net: NetName=NetDS3_1 Pin=DS3-1
Added Pin To Net: NetName=SEG6_INA Pin=J4A-2
Added Pin To Net: NetName=SEG5_INA Pin=J4A-4
Added Pin To Net: NetName=SEG4_INA Pin=J4A-6
Added Pin To Net: NetName=SEG3_INA Pin=J4A-8
Added Pin To Net: NetName=SEG2_INA Pin=J4A-10
Added Pin To Net: NetName=SEG6_INB Pin=J4B-2
Added Pin To Net: NetName=SEG5_INB Pin=J4B-4
Added Pin To Net: NetName=SEG4_INB Pin=J4B-6
Added Pin To Net: NetName=SEG3_INB Pin=J4B-8
Added Pin To Net: NetName=SEG2_INB Pin=J4B-10
Added Pin To Net: NetName=NetDS3_1 Pin=R3-1
Added Pin To Net: NetName=SEG1_INA Pin=J4A-12
Added Pin To Net: NetName=SEG1_INA Pin=K1B-16
Added Pin To Net: NetName=SEG1_INA Pin=R1B-2
Added Net: Name=SEG1_INA
Added Pin To Net: NetName=SEG1_INB Pin=J4B-12
Added Pin To Net: NetName=SEG1_INB Pin=K1H-16
Added Pin To Net: NetName=SEG1_INB Pin=R1H-2
Added Net: Name=SEG1_INB
Added Member To Class: ClassName=A1 Member=Component J3A (J3) MX120G
Added Member To Class: ClassName=B2 Member=Component J3D (J3) MX120G
Added Member To Class: ClassName=DPDT_Relay_24 Member=Component R2L (R2) 1k 5% 0603
